<?xml version="1.0" encoding="UTF-8"?>
<!-- Generated by org.testng.reporters.JUnitXMLReporter -->
<testsuite hostname="Aleems-MacBook-Pro.local" ignored="0" name="Surefire test" tests="34" failures="0" timestamp="2022-10-26T12:06:46 PKT" time="0.245" errors="0">
  <testcase name="@BeforeMethod setUp" time="0.05" classname="auto.utility.Init">
    <failure type="java.lang.IllegalStateException" message="The driver executable does not exist: /Users/aleem/eclipse-workspace/WebFramework/JWAF/drivers/chromedriver">
      <![CDATA[java.lang.IllegalStateException: The driver executable does not exist: /Users/aleem/eclipse-workspace/WebFramework/JWAF/drivers/chromedriver
at com.google.common.base.Preconditions.checkState(Preconditions.java:585)
at org.openqa.selenium.remote.service.DriverService.checkExecutable(DriverService.java:146)
at org.openqa.selenium.remote.service.DriverService.findExecutable(DriverService.java:141)
at org.openqa.selenium.chrome.ChromeDriverService.access$000(ChromeDriverService.java:35)
at org.openqa.selenium.chrome.ChromeDriverService$Builder.findDefaultExecutable(ChromeDriverService.java:159)
at org.openqa.selenium.remote.service.DriverService$Builder.build(DriverService.java:355)
at org.openqa.selenium.chrome.ChromeDriverService.createDefaultService(ChromeDriverService.java:94)
at org.openqa.selenium.chrome.ChromeDriver.<init>(ChromeDriver.java:123)
at auto.utility.DriverFactory.getDriver(DriverFactory.java:27)
at auto.utility.Init.setUp(Init.java:30)
at java.util.ArrayList.forEach(ArrayList.java:1259)
... Removed 36 stack frames]]>
    </failure>
  </testcase> <!-- @BeforeMethod setUp -->
  <testcase name="@BeforeMethod setUp" time="0.001" classname="auto.utility.Init">
    <failure type="java.lang.IllegalStateException" message="The driver executable does not exist: /Users/aleem/eclipse-workspace/WebFramework/JWAF/drivers/chromedriver">
      <![CDATA[java.lang.IllegalStateException: The driver executable does not exist: /Users/aleem/eclipse-workspace/WebFramework/JWAF/drivers/chromedriver
at com.google.common.base.Preconditions.checkState(Preconditions.java:585)
at org.openqa.selenium.remote.service.DriverService.checkExecutable(DriverService.java:146)
at org.openqa.selenium.remote.service.DriverService.findExecutable(DriverService.java:141)
at org.openqa.selenium.chrome.ChromeDriverService.access$000(ChromeDriverService.java:35)
at org.openqa.selenium.chrome.ChromeDriverService$Builder.findDefaultExecutable(ChromeDriverService.java:159)
at org.openqa.selenium.remote.service.DriverService$Builder.build(DriverService.java:355)
at org.openqa.selenium.chrome.ChromeDriverService.createDefaultService(ChromeDriverService.java:94)
at org.openqa.selenium.chrome.ChromeDriver.<init>(ChromeDriver.java:123)
at auto.utility.DriverFactory.getDriver(DriverFactory.java:27)
at auto.utility.Init.setUp(Init.java:30)
at java.util.ArrayList.forEach(ArrayList.java:1259)
... Removed 36 stack frames]]>
    </failure>
  </testcase> <!-- @BeforeMethod setUp -->
  <testcase name="@BeforeMethod setUp" time="0.001" classname="auto.utility.Init">
    <failure type="java.lang.IllegalStateException" message="The driver executable does not exist: /Users/aleem/eclipse-workspace/WebFramework/JWAF/drivers/chromedriver">
      <![CDATA[java.lang.IllegalStateException: The driver executable does not exist: /Users/aleem/eclipse-workspace/WebFramework/JWAF/drivers/chromedriver
at com.google.common.base.Preconditions.checkState(Preconditions.java:585)
at org.openqa.selenium.remote.service.DriverService.checkExecutable(DriverService.java:146)
at org.openqa.selenium.remote.service.DriverService.findExecutable(DriverService.java:141)
at org.openqa.selenium.chrome.ChromeDriverService.access$000(ChromeDriverService.java:35)
at org.openqa.selenium.chrome.ChromeDriverService$Builder.findDefaultExecutable(ChromeDriverService.java:159)
at org.openqa.selenium.remote.service.DriverService$Builder.build(DriverService.java:355)
at org.openqa.selenium.chrome.ChromeDriverService.createDefaultService(ChromeDriverService.java:94)
at org.openqa.selenium.chrome.ChromeDriver.<init>(ChromeDriver.java:123)
at auto.utility.DriverFactory.getDriver(DriverFactory.java:27)
at auto.utility.Init.setUp(Init.java:30)
at java.util.ArrayList.forEach(ArrayList.java:1259)
... Removed 36 stack frames]]>
    </failure>
  </testcase> <!-- @BeforeMethod setUp -->
  <testcase name="@BeforeMethod setUp" time="0.0" classname="auto.utility.Init">
    <failure type="java.lang.IllegalStateException" message="The driver executable does not exist: /Users/aleem/eclipse-workspace/WebFramework/JWAF/drivers/chromedriver">
      <![CDATA[java.lang.IllegalStateException: The driver executable does not exist: /Users/aleem/eclipse-workspace/WebFramework/JWAF/drivers/chromedriver
at com.google.common.base.Preconditions.checkState(Preconditions.java:585)
at org.openqa.selenium.remote.service.DriverService.checkExecutable(DriverService.java:146)
at org.openqa.selenium.remote.service.DriverService.findExecutable(DriverService.java:141)
at org.openqa.selenium.chrome.ChromeDriverService.access$000(ChromeDriverService.java:35)
at org.openqa.selenium.chrome.ChromeDriverService$Builder.findDefaultExecutable(ChromeDriverService.java:159)
at org.openqa.selenium.remote.service.DriverService$Builder.build(DriverService.java:355)
at org.openqa.selenium.chrome.ChromeDriverService.createDefaultService(ChromeDriverService.java:94)
at org.openqa.selenium.chrome.ChromeDriver.<init>(ChromeDriver.java:123)
at auto.utility.DriverFactory.getDriver(DriverFactory.java:27)
at auto.utility.Init.setUp(Init.java:30)
at java.util.ArrayList.forEach(ArrayList.java:1259)
... Removed 36 stack frames]]>
    </failure>
  </testcase> <!-- @BeforeMethod setUp -->
  <testcase name="@BeforeMethod setUp" time="0.001" classname="auto.utility.Init">
    <failure type="java.lang.IllegalStateException" message="The driver executable does not exist: /Users/aleem/eclipse-workspace/WebFramework/JWAF/drivers/chromedriver">
      <![CDATA[java.lang.IllegalStateException: The driver executable does not exist: /Users/aleem/eclipse-workspace/WebFramework/JWAF/drivers/chromedriver
at com.google.common.base.Preconditions.checkState(Preconditions.java:585)
at org.openqa.selenium.remote.service.DriverService.checkExecutable(DriverService.java:146)
at org.openqa.selenium.remote.service.DriverService.findExecutable(DriverService.java:141)
at org.openqa.selenium.chrome.ChromeDriverService.access$000(ChromeDriverService.java:35)
at org.openqa.selenium.chrome.ChromeDriverService$Builder.findDefaultExecutable(ChromeDriverService.java:159)
at org.openqa.selenium.remote.service.DriverService$Builder.build(DriverService.java:355)
at org.openqa.selenium.chrome.ChromeDriverService.createDefaultService(ChromeDriverService.java:94)
at org.openqa.selenium.chrome.ChromeDriver.<init>(ChromeDriver.java:123)
at auto.utility.DriverFactory.getDriver(DriverFactory.java:27)
at auto.utility.Init.setUp(Init.java:30)
at java.util.ArrayList.forEach(ArrayList.java:1259)
... Removed 36 stack frames]]>
    </failure>
  </testcase> <!-- @BeforeMethod setUp -->
  <testcase name="@BeforeMethod setUp" time="0.002" classname="auto.utility.Init">
    <failure type="java.lang.IllegalStateException" message="The driver executable does not exist: /Users/aleem/eclipse-workspace/WebFramework/JWAF/drivers/chromedriver">
      <![CDATA[java.lang.IllegalStateException: The driver executable does not exist: /Users/aleem/eclipse-workspace/WebFramework/JWAF/drivers/chromedriver
at com.google.common.base.Preconditions.checkState(Preconditions.java:585)
at org.openqa.selenium.remote.service.DriverService.checkExecutable(DriverService.java:146)
at org.openqa.selenium.remote.service.DriverService.findExecutable(DriverService.java:141)
at org.openqa.selenium.chrome.ChromeDriverService.access$000(ChromeDriverService.java:35)
at org.openqa.selenium.chrome.ChromeDriverService$Builder.findDefaultExecutable(ChromeDriverService.java:159)
at org.openqa.selenium.remote.service.DriverService$Builder.build(DriverService.java:355)
at org.openqa.selenium.chrome.ChromeDriverService.createDefaultService(ChromeDriverService.java:94)
at org.openqa.selenium.chrome.ChromeDriver.<init>(ChromeDriver.java:123)
at auto.utility.DriverFactory.getDriver(DriverFactory.java:27)
at auto.utility.Init.setUp(Init.java:30)
at java.util.ArrayList.forEach(ArrayList.java:1259)
... Removed 36 stack frames]]>
    </failure>
  </testcase> <!-- @BeforeMethod setUp -->
  <testcase name="@BeforeMethod setUp" time="0.001" classname="auto.utility.Init">
    <failure type="java.lang.IllegalStateException" message="The driver executable does not exist: /Users/aleem/eclipse-workspace/WebFramework/JWAF/drivers/chromedriver">
      <![CDATA[java.lang.IllegalStateException: The driver executable does not exist: /Users/aleem/eclipse-workspace/WebFramework/JWAF/drivers/chromedriver
at com.google.common.base.Preconditions.checkState(Preconditions.java:585)
at org.openqa.selenium.remote.service.DriverService.checkExecutable(DriverService.java:146)
at org.openqa.selenium.remote.service.DriverService.findExecutable(DriverService.java:141)
at org.openqa.selenium.chrome.ChromeDriverService.access$000(ChromeDriverService.java:35)
at org.openqa.selenium.chrome.ChromeDriverService$Builder.findDefaultExecutable(ChromeDriverService.java:159)
at org.openqa.selenium.remote.service.DriverService$Builder.build(DriverService.java:355)
at org.openqa.selenium.chrome.ChromeDriverService.createDefaultService(ChromeDriverService.java:94)
at org.openqa.selenium.chrome.ChromeDriver.<init>(ChromeDriver.java:123)
at auto.utility.DriverFactory.getDriver(DriverFactory.java:27)
at auto.utility.Init.setUp(Init.java:30)
at java.util.ArrayList.forEach(ArrayList.java:1259)
... Removed 36 stack frames]]>
    </failure>
  </testcase> <!-- @BeforeMethod setUp -->
  <testcase name="@BeforeMethod setUp" time="0.002" classname="auto.utility.Init">
    <failure type="java.lang.IllegalStateException" message="The driver executable does not exist: /Users/aleem/eclipse-workspace/WebFramework/JWAF/drivers/chromedriver">
      <![CDATA[java.lang.IllegalStateException: The driver executable does not exist: /Users/aleem/eclipse-workspace/WebFramework/JWAF/drivers/chromedriver
at com.google.common.base.Preconditions.checkState(Preconditions.java:585)
at org.openqa.selenium.remote.service.DriverService.checkExecutable(DriverService.java:146)
at org.openqa.selenium.remote.service.DriverService.findExecutable(DriverService.java:141)
at org.openqa.selenium.chrome.ChromeDriverService.access$000(ChromeDriverService.java:35)
at org.openqa.selenium.chrome.ChromeDriverService$Builder.findDefaultExecutable(ChromeDriverService.java:159)
at org.openqa.selenium.remote.service.DriverService$Builder.build(DriverService.java:355)
at org.openqa.selenium.chrome.ChromeDriverService.createDefaultService(ChromeDriverService.java:94)
at org.openqa.selenium.chrome.ChromeDriver.<init>(ChromeDriver.java:123)
at auto.utility.DriverFactory.getDriver(DriverFactory.java:27)
at auto.utility.Init.setUp(Init.java:30)
at java.util.ArrayList.forEach(ArrayList.java:1259)
... Removed 36 stack frames]]>
    </failure>
  </testcase> <!-- @BeforeMethod setUp -->
  <testcase name="@BeforeMethod setUp" time="0.001" classname="auto.utility.Init">
    <failure type="java.lang.IllegalStateException" message="The driver executable does not exist: /Users/aleem/eclipse-workspace/WebFramework/JWAF/drivers/chromedriver">
      <![CDATA[java.lang.IllegalStateException: The driver executable does not exist: /Users/aleem/eclipse-workspace/WebFramework/JWAF/drivers/chromedriver
at com.google.common.base.Preconditions.checkState(Preconditions.java:585)
at org.openqa.selenium.remote.service.DriverService.checkExecutable(DriverService.java:146)
at org.openqa.selenium.remote.service.DriverService.findExecutable(DriverService.java:141)
at org.openqa.selenium.chrome.ChromeDriverService.access$000(ChromeDriverService.java:35)
at org.openqa.selenium.chrome.ChromeDriverService$Builder.findDefaultExecutable(ChromeDriverService.java:159)
at org.openqa.selenium.remote.service.DriverService$Builder.build(DriverService.java:355)
at org.openqa.selenium.chrome.ChromeDriverService.createDefaultService(ChromeDriverService.java:94)
at org.openqa.selenium.chrome.ChromeDriver.<init>(ChromeDriver.java:123)
at auto.utility.DriverFactory.getDriver(DriverFactory.java:27)
at auto.utility.Init.setUp(Init.java:30)
at java.util.ArrayList.forEach(ArrayList.java:1259)
... Removed 36 stack frames]]>
    </failure>
  </testcase> <!-- @BeforeMethod setUp -->
  <testcase name="@BeforeMethod setUp" time="0.001" classname="auto.utility.Init">
    <failure type="java.lang.IllegalStateException" message="The driver executable does not exist: /Users/aleem/eclipse-workspace/WebFramework/JWAF/drivers/chromedriver">
      <![CDATA[java.lang.IllegalStateException: The driver executable does not exist: /Users/aleem/eclipse-workspace/WebFramework/JWAF/drivers/chromedriver
at com.google.common.base.Preconditions.checkState(Preconditions.java:585)
at org.openqa.selenium.remote.service.DriverService.checkExecutable(DriverService.java:146)
at org.openqa.selenium.remote.service.DriverService.findExecutable(DriverService.java:141)
at org.openqa.selenium.chrome.ChromeDriverService.access$000(ChromeDriverService.java:35)
at org.openqa.selenium.chrome.ChromeDriverService$Builder.findDefaultExecutable(ChromeDriverService.java:159)
at org.openqa.selenium.remote.service.DriverService$Builder.build(DriverService.java:355)
at org.openqa.selenium.chrome.ChromeDriverService.createDefaultService(ChromeDriverService.java:94)
at org.openqa.selenium.chrome.ChromeDriver.<init>(ChromeDriver.java:123)
at auto.utility.DriverFactory.getDriver(DriverFactory.java:27)
at auto.utility.Init.setUp(Init.java:30)
at java.util.ArrayList.forEach(ArrayList.java:1259)
... Removed 36 stack frames]]>
    </failure>
  </testcase> <!-- @BeforeMethod setUp -->
  <testcase name="@BeforeMethod setUp" time="0.001" classname="auto.utility.Init">
    <failure type="java.lang.IllegalStateException" message="The driver executable does not exist: /Users/aleem/eclipse-workspace/WebFramework/JWAF/drivers/chromedriver">
      <![CDATA[java.lang.IllegalStateException: The driver executable does not exist: /Users/aleem/eclipse-workspace/WebFramework/JWAF/drivers/chromedriver
at com.google.common.base.Preconditions.checkState(Preconditions.java:585)
at org.openqa.selenium.remote.service.DriverService.checkExecutable(DriverService.java:146)
at org.openqa.selenium.remote.service.DriverService.findExecutable(DriverService.java:141)
at org.openqa.selenium.chrome.ChromeDriverService.access$000(ChromeDriverService.java:35)
at org.openqa.selenium.chrome.ChromeDriverService$Builder.findDefaultExecutable(ChromeDriverService.java:159)
at org.openqa.selenium.remote.service.DriverService$Builder.build(DriverService.java:355)
at org.openqa.selenium.chrome.ChromeDriverService.createDefaultService(ChromeDriverService.java:94)
at org.openqa.selenium.chrome.ChromeDriver.<init>(ChromeDriver.java:123)
at auto.utility.DriverFactory.getDriver(DriverFactory.java:27)
at auto.utility.Init.setUp(Init.java:30)
at java.util.ArrayList.forEach(ArrayList.java:1259)
... Removed 36 stack frames]]>
    </failure>
  </testcase> <!-- @BeforeMethod setUp -->
  <testcase name="@BeforeMethod setUp" time="0.001" classname="auto.utility.Init">
    <failure type="java.lang.IllegalStateException" message="The driver executable does not exist: /Users/aleem/eclipse-workspace/WebFramework/JWAF/drivers/chromedriver">
      <![CDATA[java.lang.IllegalStateException: The driver executable does not exist: /Users/aleem/eclipse-workspace/WebFramework/JWAF/drivers/chromedriver
at com.google.common.base.Preconditions.checkState(Preconditions.java:585)
at org.openqa.selenium.remote.service.DriverService.checkExecutable(DriverService.java:146)
at org.openqa.selenium.remote.service.DriverService.findExecutable(DriverService.java:141)
at org.openqa.selenium.chrome.ChromeDriverService.access$000(ChromeDriverService.java:35)
at org.openqa.selenium.chrome.ChromeDriverService$Builder.findDefaultExecutable(ChromeDriverService.java:159)
at org.openqa.selenium.remote.service.DriverService$Builder.build(DriverService.java:355)
at org.openqa.selenium.chrome.ChromeDriverService.createDefaultService(ChromeDriverService.java:94)
at org.openqa.selenium.chrome.ChromeDriver.<init>(ChromeDriver.java:123)
at auto.utility.DriverFactory.getDriver(DriverFactory.java:27)
at auto.utility.Init.setUp(Init.java:30)
at java.util.ArrayList.forEach(ArrayList.java:1259)
... Removed 36 stack frames]]>
    </failure>
  </testcase> <!-- @BeforeMethod setUp -->
  <testcase name="@BeforeMethod setUp" time="0.001" classname="auto.utility.Init">
    <failure type="java.lang.IllegalStateException" message="The driver executable does not exist: /Users/aleem/eclipse-workspace/WebFramework/JWAF/drivers/chromedriver">
      <![CDATA[java.lang.IllegalStateException: The driver executable does not exist: /Users/aleem/eclipse-workspace/WebFramework/JWAF/drivers/chromedriver
at com.google.common.base.Preconditions.checkState(Preconditions.java:585)
at org.openqa.selenium.remote.service.DriverService.checkExecutable(DriverService.java:146)
at org.openqa.selenium.remote.service.DriverService.findExecutable(DriverService.java:141)
at org.openqa.selenium.chrome.ChromeDriverService.access$000(ChromeDriverService.java:35)
at org.openqa.selenium.chrome.ChromeDriverService$Builder.findDefaultExecutable(ChromeDriverService.java:159)
at org.openqa.selenium.remote.service.DriverService$Builder.build(DriverService.java:355)
at org.openqa.selenium.chrome.ChromeDriverService.createDefaultService(ChromeDriverService.java:94)
at org.openqa.selenium.chrome.ChromeDriver.<init>(ChromeDriver.java:123)
at auto.utility.DriverFactory.getDriver(DriverFactory.java:27)
at auto.utility.Init.setUp(Init.java:30)
at java.util.ArrayList.forEach(ArrayList.java:1259)
... Removed 36 stack frames]]>
    </failure>
  </testcase> <!-- @BeforeMethod setUp -->
  <testcase name="@BeforeMethod setUp" time="0.002" classname="auto.utility.Init">
    <failure type="java.lang.IllegalStateException" message="The driver executable does not exist: /Users/aleem/eclipse-workspace/WebFramework/JWAF/drivers/chromedriver">
      <![CDATA[java.lang.IllegalStateException: The driver executable does not exist: /Users/aleem/eclipse-workspace/WebFramework/JWAF/drivers/chromedriver
at com.google.common.base.Preconditions.checkState(Preconditions.java:585)
at org.openqa.selenium.remote.service.DriverService.checkExecutable(DriverService.java:146)
at org.openqa.selenium.remote.service.DriverService.findExecutable(DriverService.java:141)
at org.openqa.selenium.chrome.ChromeDriverService.access$000(ChromeDriverService.java:35)
at org.openqa.selenium.chrome.ChromeDriverService$Builder.findDefaultExecutable(ChromeDriverService.java:159)
at org.openqa.selenium.remote.service.DriverService$Builder.build(DriverService.java:355)
at org.openqa.selenium.chrome.ChromeDriverService.createDefaultService(ChromeDriverService.java:94)
at org.openqa.selenium.chrome.ChromeDriver.<init>(ChromeDriver.java:123)
at auto.utility.DriverFactory.getDriver(DriverFactory.java:27)
at auto.utility.Init.setUp(Init.java:30)
at java.util.ArrayList.forEach(ArrayList.java:1259)
... Removed 36 stack frames]]>
    </failure>
  </testcase> <!-- @BeforeMethod setUp -->
  <testcase name="@BeforeMethod setUp" time="0.002" classname="auto.utility.Init">
    <failure type="java.lang.IllegalStateException" message="The driver executable does not exist: /Users/aleem/eclipse-workspace/WebFramework/JWAF/drivers/chromedriver">
      <![CDATA[java.lang.IllegalStateException: The driver executable does not exist: /Users/aleem/eclipse-workspace/WebFramework/JWAF/drivers/chromedriver
at com.google.common.base.Preconditions.checkState(Preconditions.java:585)
at org.openqa.selenium.remote.service.DriverService.checkExecutable(DriverService.java:146)
at org.openqa.selenium.remote.service.DriverService.findExecutable(DriverService.java:141)
at org.openqa.selenium.chrome.ChromeDriverService.access$000(ChromeDriverService.java:35)
at org.openqa.selenium.chrome.ChromeDriverService$Builder.findDefaultExecutable(ChromeDriverService.java:159)
at org.openqa.selenium.remote.service.DriverService$Builder.build(DriverService.java:355)
at org.openqa.selenium.chrome.ChromeDriverService.createDefaultService(ChromeDriverService.java:94)
at org.openqa.selenium.chrome.ChromeDriver.<init>(ChromeDriver.java:123)
at auto.utility.DriverFactory.getDriver(DriverFactory.java:27)
at auto.utility.Init.setUp(Init.java:30)
at java.util.ArrayList.forEach(ArrayList.java:1259)
... Removed 36 stack frames]]>
    </failure>
  </testcase> <!-- @BeforeMethod setUp -->
  <testcase name="@BeforeMethod setUp" time="0.002" classname="auto.utility.Init">
    <failure type="java.lang.IllegalStateException" message="The driver executable does not exist: /Users/aleem/eclipse-workspace/WebFramework/JWAF/drivers/chromedriver">
      <![CDATA[java.lang.IllegalStateException: The driver executable does not exist: /Users/aleem/eclipse-workspace/WebFramework/JWAF/drivers/chromedriver
at com.google.common.base.Preconditions.checkState(Preconditions.java:585)
at org.openqa.selenium.remote.service.DriverService.checkExecutable(DriverService.java:146)
at org.openqa.selenium.remote.service.DriverService.findExecutable(DriverService.java:141)
at org.openqa.selenium.chrome.ChromeDriverService.access$000(ChromeDriverService.java:35)
at org.openqa.selenium.chrome.ChromeDriverService$Builder.findDefaultExecutable(ChromeDriverService.java:159)
at org.openqa.selenium.remote.service.DriverService$Builder.build(DriverService.java:355)
at org.openqa.selenium.chrome.ChromeDriverService.createDefaultService(ChromeDriverService.java:94)
at org.openqa.selenium.chrome.ChromeDriver.<init>(ChromeDriver.java:123)
at auto.utility.DriverFactory.getDriver(DriverFactory.java:27)
at auto.utility.Init.setUp(Init.java:30)
at java.util.ArrayList.forEach(ArrayList.java:1259)
... Removed 36 stack frames]]>
    </failure>
  </testcase> <!-- @BeforeMethod setUp -->
  <testcase name="@BeforeMethod setUp" time="0.001" classname="auto.utility.Init">
    <failure type="java.lang.IllegalStateException" message="The driver executable does not exist: /Users/aleem/eclipse-workspace/WebFramework/JWAF/drivers/chromedriver">
      <![CDATA[java.lang.IllegalStateException: The driver executable does not exist: /Users/aleem/eclipse-workspace/WebFramework/JWAF/drivers/chromedriver
at com.google.common.base.Preconditions.checkState(Preconditions.java:585)
at org.openqa.selenium.remote.service.DriverService.checkExecutable(DriverService.java:146)
at org.openqa.selenium.remote.service.DriverService.findExecutable(DriverService.java:141)
at org.openqa.selenium.chrome.ChromeDriverService.access$000(ChromeDriverService.java:35)
at org.openqa.selenium.chrome.ChromeDriverService$Builder.findDefaultExecutable(ChromeDriverService.java:159)
at org.openqa.selenium.remote.service.DriverService$Builder.build(DriverService.java:355)
at org.openqa.selenium.chrome.ChromeDriverService.createDefaultService(ChromeDriverService.java:94)
at org.openqa.selenium.chrome.ChromeDriver.<init>(ChromeDriver.java:123)
at auto.utility.DriverFactory.getDriver(DriverFactory.java:27)
at auto.utility.Init.setUp(Init.java:30)
at java.util.ArrayList.forEach(ArrayList.java:1259)
... Removed 35 stack frames]]>
    </failure>
  </testcase> <!-- @BeforeMethod setUp -->
  <testcase name="@BeforeMethod setUp" time="0.001" classname="auto.utility.Init">
    <failure type="java.lang.IllegalStateException" message="The driver executable does not exist: /Users/aleem/eclipse-workspace/WebFramework/JWAF/drivers/chromedriver">
      <![CDATA[java.lang.IllegalStateException: The driver executable does not exist: /Users/aleem/eclipse-workspace/WebFramework/JWAF/drivers/chromedriver
at com.google.common.base.Preconditions.checkState(Preconditions.java:585)
at org.openqa.selenium.remote.service.DriverService.checkExecutable(DriverService.java:146)
at org.openqa.selenium.remote.service.DriverService.findExecutable(DriverService.java:141)
at org.openqa.selenium.chrome.ChromeDriverService.access$000(ChromeDriverService.java:35)
at org.openqa.selenium.chrome.ChromeDriverService$Builder.findDefaultExecutable(ChromeDriverService.java:159)
at org.openqa.selenium.remote.service.DriverService$Builder.build(DriverService.java:355)
at org.openqa.selenium.chrome.ChromeDriverService.createDefaultService(ChromeDriverService.java:94)
at org.openqa.selenium.chrome.ChromeDriver.<init>(ChromeDriver.java:123)
at auto.utility.DriverFactory.getDriver(DriverFactory.java:27)
at auto.utility.Init.setUp(Init.java:30)
at java.util.ArrayList.forEach(ArrayList.java:1259)
... Removed 35 stack frames]]>
    </failure>
  </testcase> <!-- @BeforeMethod setUp -->
  <testcase name="@BeforeMethod setUp" time="0.001" classname="auto.utility.Init">
    <failure type="java.lang.IllegalStateException" message="The driver executable does not exist: /Users/aleem/eclipse-workspace/WebFramework/JWAF/drivers/chromedriver">
      <![CDATA[java.lang.IllegalStateException: The driver executable does not exist: /Users/aleem/eclipse-workspace/WebFramework/JWAF/drivers/chromedriver
at com.google.common.base.Preconditions.checkState(Preconditions.java:585)
at org.openqa.selenium.remote.service.DriverService.checkExecutable(DriverService.java:146)
at org.openqa.selenium.remote.service.DriverService.findExecutable(DriverService.java:141)
at org.openqa.selenium.chrome.ChromeDriverService.access$000(ChromeDriverService.java:35)
at org.openqa.selenium.chrome.ChromeDriverService$Builder.findDefaultExecutable(ChromeDriverService.java:159)
at org.openqa.selenium.remote.service.DriverService$Builder.build(DriverService.java:355)
at org.openqa.selenium.chrome.ChromeDriverService.createDefaultService(ChromeDriverService.java:94)
at org.openqa.selenium.chrome.ChromeDriver.<init>(ChromeDriver.java:123)
at auto.utility.DriverFactory.getDriver(DriverFactory.java:27)
at auto.utility.Init.setUp(Init.java:30)
at java.util.ArrayList.forEach(ArrayList.java:1259)
... Removed 35 stack frames]]>
    </failure>
  </testcase> <!-- @BeforeMethod setUp -->
  <testcase name="@BeforeMethod setUp" time="0.001" classname="auto.utility.Init">
    <failure type="java.lang.IllegalStateException" message="The driver executable does not exist: /Users/aleem/eclipse-workspace/WebFramework/JWAF/drivers/chromedriver">
      <![CDATA[java.lang.IllegalStateException: The driver executable does not exist: /Users/aleem/eclipse-workspace/WebFramework/JWAF/drivers/chromedriver
at com.google.common.base.Preconditions.checkState(Preconditions.java:585)
at org.openqa.selenium.remote.service.DriverService.checkExecutable(DriverService.java:146)
at org.openqa.selenium.remote.service.DriverService.findExecutable(DriverService.java:141)
at org.openqa.selenium.chrome.ChromeDriverService.access$000(ChromeDriverService.java:35)
at org.openqa.selenium.chrome.ChromeDriverService$Builder.findDefaultExecutable(ChromeDriverService.java:159)
at org.openqa.selenium.remote.service.DriverService$Builder.build(DriverService.java:355)
at org.openqa.selenium.chrome.ChromeDriverService.createDefaultService(ChromeDriverService.java:94)
at org.openqa.selenium.chrome.ChromeDriver.<init>(ChromeDriver.java:123)
at auto.utility.DriverFactory.getDriver(DriverFactory.java:27)
at auto.utility.Init.setUp(Init.java:30)
at java.util.ArrayList.forEach(ArrayList.java:1259)
... Removed 35 stack frames]]>
    </failure>
  </testcase> <!-- @BeforeMethod setUp -->
  <testcase name="@BeforeMethod setUp" time="0.002" classname="auto.utility.Init">
    <failure type="java.lang.IllegalStateException" message="The driver executable does not exist: /Users/aleem/eclipse-workspace/WebFramework/JWAF/drivers/chromedriver">
      <![CDATA[java.lang.IllegalStateException: The driver executable does not exist: /Users/aleem/eclipse-workspace/WebFramework/JWAF/drivers/chromedriver
at com.google.common.base.Preconditions.checkState(Preconditions.java:585)
at org.openqa.selenium.remote.service.DriverService.checkExecutable(DriverService.java:146)
at org.openqa.selenium.remote.service.DriverService.findExecutable(DriverService.java:141)
at org.openqa.selenium.chrome.ChromeDriverService.access$000(ChromeDriverService.java:35)
at org.openqa.selenium.chrome.ChromeDriverService$Builder.findDefaultExecutable(ChromeDriverService.java:159)
at org.openqa.selenium.remote.service.DriverService$Builder.build(DriverService.java:355)
at org.openqa.selenium.chrome.ChromeDriverService.createDefaultService(ChromeDriverService.java:94)
at org.openqa.selenium.chrome.ChromeDriver.<init>(ChromeDriver.java:123)
at auto.utility.DriverFactory.getDriver(DriverFactory.java:27)
at auto.utility.Init.setUp(Init.java:30)
at java.util.ArrayList.forEach(ArrayList.java:1259)
... Removed 35 stack frames]]>
    </failure>
  </testcase> <!-- @BeforeMethod setUp -->
  <testcase name="@BeforeMethod setUp" time="0.0" classname="auto.utility.Init">
    <failure type="java.lang.IllegalStateException" message="The driver executable does not exist: /Users/aleem/eclipse-workspace/WebFramework/JWAF/drivers/chromedriver">
      <![CDATA[java.lang.IllegalStateException: The driver executable does not exist: /Users/aleem/eclipse-workspace/WebFramework/JWAF/drivers/chromedriver
at com.google.common.base.Preconditions.checkState(Preconditions.java:585)
at org.openqa.selenium.remote.service.DriverService.checkExecutable(DriverService.java:146)
at org.openqa.selenium.remote.service.DriverService.findExecutable(DriverService.java:141)
at org.openqa.selenium.chrome.ChromeDriverService.access$000(ChromeDriverService.java:35)
at org.openqa.selenium.chrome.ChromeDriverService$Builder.findDefaultExecutable(ChromeDriverService.java:159)
at org.openqa.selenium.remote.service.DriverService$Builder.build(DriverService.java:355)
at org.openqa.selenium.chrome.ChromeDriverService.createDefaultService(ChromeDriverService.java:94)
at org.openqa.selenium.chrome.ChromeDriver.<init>(ChromeDriver.java:123)
at auto.utility.DriverFactory.getDriver(DriverFactory.java:27)
at auto.utility.Init.setUp(Init.java:30)
at java.util.ArrayList.forEach(ArrayList.java:1259)
... Removed 35 stack frames]]>
    </failure>
  </testcase> <!-- @BeforeMethod setUp -->
  <testcase name="@BeforeMethod setUp" time="0.001" classname="auto.utility.Init">
    <failure type="java.lang.IllegalStateException" message="The driver executable does not exist: /Users/aleem/eclipse-workspace/WebFramework/JWAF/drivers/chromedriver">
      <![CDATA[java.lang.IllegalStateException: The driver executable does not exist: /Users/aleem/eclipse-workspace/WebFramework/JWAF/drivers/chromedriver
at com.google.common.base.Preconditions.checkState(Preconditions.java:585)
at org.openqa.selenium.remote.service.DriverService.checkExecutable(DriverService.java:146)
at org.openqa.selenium.remote.service.DriverService.findExecutable(DriverService.java:141)
at org.openqa.selenium.chrome.ChromeDriverService.access$000(ChromeDriverService.java:35)
at org.openqa.selenium.chrome.ChromeDriverService$Builder.findDefaultExecutable(ChromeDriverService.java:159)
at org.openqa.selenium.remote.service.DriverService$Builder.build(DriverService.java:355)
at org.openqa.selenium.chrome.ChromeDriverService.createDefaultService(ChromeDriverService.java:94)
at org.openqa.selenium.chrome.ChromeDriver.<init>(ChromeDriver.java:123)
at auto.utility.DriverFactory.getDriver(DriverFactory.java:27)
at auto.utility.Init.setUp(Init.java:30)
at java.util.ArrayList.forEach(ArrayList.java:1259)
... Removed 35 stack frames]]>
    </failure>
  </testcase> <!-- @BeforeMethod setUp -->
  <testcase name="@BeforeMethod setUp" time="0.0" classname="auto.utility.Init">
    <failure type="java.lang.IllegalStateException" message="The driver executable does not exist: /Users/aleem/eclipse-workspace/WebFramework/JWAF/drivers/chromedriver">
      <![CDATA[java.lang.IllegalStateException: The driver executable does not exist: /Users/aleem/eclipse-workspace/WebFramework/JWAF/drivers/chromedriver
at com.google.common.base.Preconditions.checkState(Preconditions.java:585)
at org.openqa.selenium.remote.service.DriverService.checkExecutable(DriverService.java:146)
at org.openqa.selenium.remote.service.DriverService.findExecutable(DriverService.java:141)
at org.openqa.selenium.chrome.ChromeDriverService.access$000(ChromeDriverService.java:35)
at org.openqa.selenium.chrome.ChromeDriverService$Builder.findDefaultExecutable(ChromeDriverService.java:159)
at org.openqa.selenium.remote.service.DriverService$Builder.build(DriverService.java:355)
at org.openqa.selenium.chrome.ChromeDriverService.createDefaultService(ChromeDriverService.java:94)
at org.openqa.selenium.chrome.ChromeDriver.<init>(ChromeDriver.java:123)
at auto.utility.DriverFactory.getDriver(DriverFactory.java:27)
at auto.utility.Init.setUp(Init.java:30)
at java.util.ArrayList.forEach(ArrayList.java:1259)
... Removed 35 stack frames]]>
    </failure>
  </testcase> <!-- @BeforeMethod setUp -->
  <testcase name="@BeforeMethod setUp" time="0.001" classname="auto.utility.Init">
    <failure type="java.lang.IllegalStateException" message="The driver executable does not exist: /Users/aleem/eclipse-workspace/WebFramework/JWAF/drivers/chromedriver">
      <![CDATA[java.lang.IllegalStateException: The driver executable does not exist: /Users/aleem/eclipse-workspace/WebFramework/JWAF/drivers/chromedriver
at com.google.common.base.Preconditions.checkState(Preconditions.java:585)
at org.openqa.selenium.remote.service.DriverService.checkExecutable(DriverService.java:146)
at org.openqa.selenium.remote.service.DriverService.findExecutable(DriverService.java:141)
at org.openqa.selenium.chrome.ChromeDriverService.access$000(ChromeDriverService.java:35)
at org.openqa.selenium.chrome.ChromeDriverService$Builder.findDefaultExecutable(ChromeDriverService.java:159)
at org.openqa.selenium.remote.service.DriverService$Builder.build(DriverService.java:355)
at org.openqa.selenium.chrome.ChromeDriverService.createDefaultService(ChromeDriverService.java:94)
at org.openqa.selenium.chrome.ChromeDriver.<init>(ChromeDriver.java:123)
at auto.utility.DriverFactory.getDriver(DriverFactory.java:27)
at auto.utility.Init.setUp(Init.java:30)
at java.util.ArrayList.forEach(ArrayList.java:1259)
... Removed 35 stack frames]]>
    </failure>
  </testcase> <!-- @BeforeMethod setUp -->
  <testcase name="@BeforeMethod setUp" time="0.001" classname="auto.utility.Init">
    <failure type="java.lang.IllegalStateException" message="The driver executable does not exist: /Users/aleem/eclipse-workspace/WebFramework/JWAF/drivers/chromedriver">
      <![CDATA[java.lang.IllegalStateException: The driver executable does not exist: /Users/aleem/eclipse-workspace/WebFramework/JWAF/drivers/chromedriver
at com.google.common.base.Preconditions.checkState(Preconditions.java:585)
at org.openqa.selenium.remote.service.DriverService.checkExecutable(DriverService.java:146)
at org.openqa.selenium.remote.service.DriverService.findExecutable(DriverService.java:141)
at org.openqa.selenium.chrome.ChromeDriverService.access$000(ChromeDriverService.java:35)
at org.openqa.selenium.chrome.ChromeDriverService$Builder.findDefaultExecutable(ChromeDriverService.java:159)
at org.openqa.selenium.remote.service.DriverService$Builder.build(DriverService.java:355)
at org.openqa.selenium.chrome.ChromeDriverService.createDefaultService(ChromeDriverService.java:94)
at org.openqa.selenium.chrome.ChromeDriver.<init>(ChromeDriver.java:123)
at auto.utility.DriverFactory.getDriver(DriverFactory.java:27)
at auto.utility.Init.setUp(Init.java:30)
at java.util.ArrayList.forEach(ArrayList.java:1259)
... Removed 35 stack frames]]>
    </failure>
  </testcase> <!-- @BeforeMethod setUp -->
  <testcase name="@BeforeMethod setUp" time="0.0" classname="auto.utility.Init">
    <failure type="java.lang.IllegalStateException" message="The driver executable does not exist: /Users/aleem/eclipse-workspace/WebFramework/JWAF/drivers/chromedriver">
      <![CDATA[java.lang.IllegalStateException: The driver executable does not exist: /Users/aleem/eclipse-workspace/WebFramework/JWAF/drivers/chromedriver
at com.google.common.base.Preconditions.checkState(Preconditions.java:585)
at org.openqa.selenium.remote.service.DriverService.checkExecutable(DriverService.java:146)
at org.openqa.selenium.remote.service.DriverService.findExecutable(DriverService.java:141)
at org.openqa.selenium.chrome.ChromeDriverService.access$000(ChromeDriverService.java:35)
at org.openqa.selenium.chrome.ChromeDriverService$Builder.findDefaultExecutable(ChromeDriverService.java:159)
at org.openqa.selenium.remote.service.DriverService$Builder.build(DriverService.java:355)
at org.openqa.selenium.chrome.ChromeDriverService.createDefaultService(ChromeDriverService.java:94)
at org.openqa.selenium.chrome.ChromeDriver.<init>(ChromeDriver.java:123)
at auto.utility.DriverFactory.getDriver(DriverFactory.java:27)
at auto.utility.Init.setUp(Init.java:30)
at java.util.ArrayList.forEach(ArrayList.java:1259)
... Removed 35 stack frames]]>
    </failure>
  </testcase> <!-- @BeforeMethod setUp -->
  <testcase name="@BeforeMethod setUp" time="0.001" classname="auto.utility.Init">
    <failure type="java.lang.IllegalStateException" message="The driver executable does not exist: /Users/aleem/eclipse-workspace/WebFramework/JWAF/drivers/chromedriver">
      <![CDATA[java.lang.IllegalStateException: The driver executable does not exist: /Users/aleem/eclipse-workspace/WebFramework/JWAF/drivers/chromedriver
at com.google.common.base.Preconditions.checkState(Preconditions.java:585)
at org.openqa.selenium.remote.service.DriverService.checkExecutable(DriverService.java:146)
at org.openqa.selenium.remote.service.DriverService.findExecutable(DriverService.java:141)
at org.openqa.selenium.chrome.ChromeDriverService.access$000(ChromeDriverService.java:35)
at org.openqa.selenium.chrome.ChromeDriverService$Builder.findDefaultExecutable(ChromeDriverService.java:159)
at org.openqa.selenium.remote.service.DriverService$Builder.build(DriverService.java:355)
at org.openqa.selenium.chrome.ChromeDriverService.createDefaultService(ChromeDriverService.java:94)
at org.openqa.selenium.chrome.ChromeDriver.<init>(ChromeDriver.java:123)
at auto.utility.DriverFactory.getDriver(DriverFactory.java:27)
at auto.utility.Init.setUp(Init.java:30)
at java.util.ArrayList.forEach(ArrayList.java:1259)
... Removed 35 stack frames]]>
    </failure>
  </testcase> <!-- @BeforeMethod setUp -->
  <testcase name="@BeforeMethod setUp" time="0.001" classname="auto.utility.Init">
    <failure type="java.lang.IllegalStateException" message="The driver executable does not exist: /Users/aleem/eclipse-workspace/WebFramework/JWAF/drivers/chromedriver">
      <![CDATA[java.lang.IllegalStateException: The driver executable does not exist: /Users/aleem/eclipse-workspace/WebFramework/JWAF/drivers/chromedriver
at com.google.common.base.Preconditions.checkState(Preconditions.java:585)
at org.openqa.selenium.remote.service.DriverService.checkExecutable(DriverService.java:146)
at org.openqa.selenium.remote.service.DriverService.findExecutable(DriverService.java:141)
at org.openqa.selenium.chrome.ChromeDriverService.access$000(ChromeDriverService.java:35)
at org.openqa.selenium.chrome.ChromeDriverService$Builder.findDefaultExecutable(ChromeDriverService.java:159)
at org.openqa.selenium.remote.service.DriverService$Builder.build(DriverService.java:355)
at org.openqa.selenium.chrome.ChromeDriverService.createDefaultService(ChromeDriverService.java:94)
at org.openqa.selenium.chrome.ChromeDriver.<init>(ChromeDriver.java:123)
at auto.utility.DriverFactory.getDriver(DriverFactory.java:27)
at auto.utility.Init.setUp(Init.java:30)
at java.util.ArrayList.forEach(ArrayList.java:1259)
... Removed 35 stack frames]]>
    </failure>
  </testcase> <!-- @BeforeMethod setUp -->
  <testcase name="@BeforeMethod setUp" time="0.001" classname="auto.utility.Init">
    <failure type="java.lang.IllegalStateException" message="The driver executable does not exist: /Users/aleem/eclipse-workspace/WebFramework/JWAF/drivers/chromedriver">
      <![CDATA[java.lang.IllegalStateException: The driver executable does not exist: /Users/aleem/eclipse-workspace/WebFramework/JWAF/drivers/chromedriver
at com.google.common.base.Preconditions.checkState(Preconditions.java:585)
at org.openqa.selenium.remote.service.DriverService.checkExecutable(DriverService.java:146)
at org.openqa.selenium.remote.service.DriverService.findExecutable(DriverService.java:141)
at org.openqa.selenium.chrome.ChromeDriverService.access$000(ChromeDriverService.java:35)
at org.openqa.selenium.chrome.ChromeDriverService$Builder.findDefaultExecutable(ChromeDriverService.java:159)
at org.openqa.selenium.remote.service.DriverService$Builder.build(DriverService.java:355)
at org.openqa.selenium.chrome.ChromeDriverService.createDefaultService(ChromeDriverService.java:94)
at org.openqa.selenium.chrome.ChromeDriver.<init>(ChromeDriver.java:123)
at auto.utility.DriverFactory.getDriver(DriverFactory.java:27)
at auto.utility.Init.setUp(Init.java:30)
at java.util.ArrayList.forEach(ArrayList.java:1259)
... Removed 35 stack frames]]>
    </failure>
  </testcase> <!-- @BeforeMethod setUp -->
  <testcase name="@BeforeMethod setUp" time="0.0" classname="auto.utility.Init">
    <failure type="java.lang.IllegalStateException" message="The driver executable does not exist: /Users/aleem/eclipse-workspace/WebFramework/JWAF/drivers/chromedriver">
      <![CDATA[java.lang.IllegalStateException: The driver executable does not exist: /Users/aleem/eclipse-workspace/WebFramework/JWAF/drivers/chromedriver
at com.google.common.base.Preconditions.checkState(Preconditions.java:585)
at org.openqa.selenium.remote.service.DriverService.checkExecutable(DriverService.java:146)
at org.openqa.selenium.remote.service.DriverService.findExecutable(DriverService.java:141)
at org.openqa.selenium.chrome.ChromeDriverService.access$000(ChromeDriverService.java:35)
at org.openqa.selenium.chrome.ChromeDriverService$Builder.findDefaultExecutable(ChromeDriverService.java:159)
at org.openqa.selenium.remote.service.DriverService$Builder.build(DriverService.java:355)
at org.openqa.selenium.chrome.ChromeDriverService.createDefaultService(ChromeDriverService.java:94)
at org.openqa.selenium.chrome.ChromeDriver.<init>(ChromeDriver.java:123)
at auto.utility.DriverFactory.getDriver(DriverFactory.java:27)
at auto.utility.Init.setUp(Init.java:30)
at java.util.ArrayList.forEach(ArrayList.java:1259)
... Removed 35 stack frames]]>
    </failure>
  </testcase> <!-- @BeforeMethod setUp -->
  <testcase name="@BeforeMethod setUp" time="0.0" classname="auto.utility.Init">
    <failure type="java.lang.IllegalStateException" message="The driver executable does not exist: /Users/aleem/eclipse-workspace/WebFramework/JWAF/drivers/chromedriver">
      <![CDATA[java.lang.IllegalStateException: The driver executable does not exist: /Users/aleem/eclipse-workspace/WebFramework/JWAF/drivers/chromedriver
at com.google.common.base.Preconditions.checkState(Preconditions.java:585)
at org.openqa.selenium.remote.service.DriverService.checkExecutable(DriverService.java:146)
at org.openqa.selenium.remote.service.DriverService.findExecutable(DriverService.java:141)
at org.openqa.selenium.chrome.ChromeDriverService.access$000(ChromeDriverService.java:35)
at org.openqa.selenium.chrome.ChromeDriverService$Builder.findDefaultExecutable(ChromeDriverService.java:159)
at org.openqa.selenium.remote.service.DriverService$Builder.build(DriverService.java:355)
at org.openqa.selenium.chrome.ChromeDriverService.createDefaultService(ChromeDriverService.java:94)
at org.openqa.selenium.chrome.ChromeDriver.<init>(ChromeDriver.java:123)
at auto.utility.DriverFactory.getDriver(DriverFactory.java:27)
at auto.utility.Init.setUp(Init.java:30)
at java.util.ArrayList.forEach(ArrayList.java:1259)
... Removed 35 stack frames]]>
    </failure>
  </testcase> <!-- @BeforeMethod setUp -->
  <testcase name="@BeforeMethod setUp" time="0.0" classname="auto.utility.Init">
    <failure type="java.lang.IllegalStateException" message="The driver executable does not exist: /Users/aleem/eclipse-workspace/WebFramework/JWAF/drivers/chromedriver">
      <![CDATA[java.lang.IllegalStateException: The driver executable does not exist: /Users/aleem/eclipse-workspace/WebFramework/JWAF/drivers/chromedriver
at com.google.common.base.Preconditions.checkState(Preconditions.java:585)
at org.openqa.selenium.remote.service.DriverService.checkExecutable(DriverService.java:146)
at org.openqa.selenium.remote.service.DriverService.findExecutable(DriverService.java:141)
at org.openqa.selenium.chrome.ChromeDriverService.access$000(ChromeDriverService.java:35)
at org.openqa.selenium.chrome.ChromeDriverService$Builder.findDefaultExecutable(ChromeDriverService.java:159)
at org.openqa.selenium.remote.service.DriverService$Builder.build(DriverService.java:355)
at org.openqa.selenium.chrome.ChromeDriverService.createDefaultService(ChromeDriverService.java:94)
at org.openqa.selenium.chrome.ChromeDriver.<init>(ChromeDriver.java:123)
at auto.utility.DriverFactory.getDriver(DriverFactory.java:27)
at auto.utility.Init.setUp(Init.java:30)
at java.util.ArrayList.forEach(ArrayList.java:1259)
... Removed 35 stack frames]]>
    </failure>
  </testcase> <!-- @BeforeMethod setUp -->
  <testcase name="@BeforeMethod setUp" time="0.001" classname="auto.utility.Init">
    <failure type="java.lang.IllegalStateException" message="The driver executable does not exist: /Users/aleem/eclipse-workspace/WebFramework/JWAF/drivers/chromedriver">
      <![CDATA[java.lang.IllegalStateException: The driver executable does not exist: /Users/aleem/eclipse-workspace/WebFramework/JWAF/drivers/chromedriver
at com.google.common.base.Preconditions.checkState(Preconditions.java:585)
at org.openqa.selenium.remote.service.DriverService.checkExecutable(DriverService.java:146)
at org.openqa.selenium.remote.service.DriverService.findExecutable(DriverService.java:141)
at org.openqa.selenium.chrome.ChromeDriverService.access$000(ChromeDriverService.java:35)
at org.openqa.selenium.chrome.ChromeDriverService$Builder.findDefaultExecutable(ChromeDriverService.java:159)
at org.openqa.selenium.remote.service.DriverService$Builder.build(DriverService.java:355)
at org.openqa.selenium.chrome.ChromeDriverService.createDefaultService(ChromeDriverService.java:94)
at org.openqa.selenium.chrome.ChromeDriver.<init>(ChromeDriver.java:123)
at auto.utility.DriverFactory.getDriver(DriverFactory.java:27)
at auto.utility.Init.setUp(Init.java:30)
at java.util.ArrayList.forEach(ArrayList.java:1259)
... Removed 35 stack frames]]>
    </failure>
  </testcase> <!-- @BeforeMethod setUp -->
  <testcase name="testCellText" time="0.0" classname="auto.testcases.TestChallengingDomPage">
    <skipped/>
  </testcase> <!-- testCellText -->
  <testcase name="testChallengingPage" time="0.0" classname="auto.testcases.TestChallengingDomPage">
    <skipped/>
  </testcase> <!-- testChallengingPage -->
  <testcase name="testChallengingPageViaJava8" time="0.0" classname="auto.testcases.TestChallengingDomPage">
    <skipped/>
  </testcase> <!-- testChallengingPageViaJava8 -->
  <testcase name="testListOfButtons" time="0.0" classname="auto.testcases.TestChallengingDomPage">
    <skipped/>
  </testcase> <!-- testListOfButtons -->
  <testcase name="testLoginByJava8Way" time="0.0" classname="auto.testcases.TestLogin">
    <skipped/>
  </testcase> <!-- testLoginByJava8Way -->
  <testcase name="testLoginUsingCssSelector" time="0.0" classname="auto.testcases.TestLogin">
    <skipped/>
  </testcase> <!-- testLoginUsingCssSelector -->
  <testcase name="testLoginUsingXpath" time="0.0" classname="auto.testcases.TestLogin">
    <skipped/>
  </testcase> <!-- testLoginUsingXpath -->
  <testcase name="testLoginWithInvalidUser" time="0.0" classname="auto.testcases.TestLogin">
    <skipped/>
  </testcase> <!-- testLoginWithInvalidUser -->
  <testcase name="testFrame" time="0.0" classname="auto.testcases.TestHover">
    <skipped/>
  </testcase> <!-- testFrame -->
  <testcase name="testDropdownPage" time="0.0" classname="auto.testcases.TestDropdownPage">
    <skipped/>
  </testcase> <!-- testDropdownPage -->
  <testcase name="testKeyPresses" time="0.0" classname="auto.testcases.TestKeyPresses">
    <skipped/>
  </testcase> <!-- testKeyPresses -->
  <testcase name="testClickForJSAlert" time="0.0" classname="auto.testcases.TestAlert">
    <skipped/>
  </testcase> <!-- testClickForJSAlert -->
  <testcase name="testClickForJSConfirm" time="0.0" classname="auto.testcases.TestAlert">
    <skipped/>
  </testcase> <!-- testClickForJSConfirm -->
  <testcase name="testClickForJSPrompt" time="0.0" classname="auto.testcases.TestAlert">
    <skipped/>
  </testcase> <!-- testClickForJSPrompt -->
  <testcase name="testBasicAuth" time="0.0" classname="auto.testcases.TestBasicAuth">
    <skipped/>
  </testcase> <!-- testBasicAuth -->
  <testcase name="testCheckboxPage" time="0.0" classname="auto.testcases.TestCheckboxPage">
    <skipped/>
  </testcase> <!-- testCheckboxPage -->
  <testcase name="testCheckboxViaSmartWay" time="0.0" classname="auto.testcases.TestCheckboxPage">
    <skipped/>
  </testcase> <!-- testCheckboxViaSmartWay -->
  <testcase name="testToSelectAllCheckboxes" time="0.0" classname="auto.testcases.TestCheckboxPage">
    <skipped/>
  </testcase> <!-- testToSelectAllCheckboxes -->
  <testcase name="testFrame" time="0.0" classname="auto.testcases.TestInfiniteScroll">
    <skipped/>
  </testcase> <!-- testFrame -->
  <testcase name="testChallengingPage" time="0.0" classname="auto.testcases.TestDisappearingElementsPage">
    <skipped/>
  </testcase> <!-- testChallengingPage -->
  <testcase name="testDynamicLoadingsHidden" time="0.0" classname="auto.testcases.TestDynamicLoadings">
    <skipped/>
  </testcase> <!-- testDynamicLoadingsHidden -->
  <testcase name="testDynamicLoadingsRender" time="0.0" classname="auto.testcases.TestDynamicLoadings">
    <skipped/>
  </testcase> <!-- testDynamicLoadingsRender -->
  <testcase name="testWelcomePage" time="0.0" classname="auto.testcases.TestWelcomePage">
    <skipped/>
  </testcase> <!-- testWelcomePage -->
  <testcase name="testLargeDeepDOM" time="0.0" classname="auto.testcases.TestLargeDeepDOM">
    <skipped/>
  </testcase> <!-- testLargeDeepDOM -->
  <testcase name="testFrame" time="0.0" classname="auto.testcases.TestFileUploader">
    <skipped/>
  </testcase> <!-- testFrame -->
  <testcase name="testFrame" time="0.0" classname="auto.testcases.TestMultipleWindows">
    <skipped/>
  </testcase> <!-- testFrame -->
  <testcase name="testChallengingPage" time="0.0" classname="auto.testcases.TestContextMenuPage">
    <skipped/>
  </testcase> <!-- testChallengingPage -->
  <testcase name="testDragAndDrop" time="0.0" classname="auto.testcases.TestDragAndDrop">
    <skipped/>
  </testcase> <!-- testDragAndDrop -->
  <testcase name="testDynamicControlsAdd" time="0.0" classname="auto.testcases.TestDynamicControls">
    <skipped/>
  </testcase> <!-- testDynamicControlsAdd -->
  <testcase name="testDynamicControlsRemove" time="0.0" classname="auto.testcases.TestDynamicControls">
    <skipped/>
  </testcase> <!-- testDynamicControlsRemove -->
  <testcase name="testFrame" time="0.0" classname="auto.testcases.TestFrame">
    <skipped/>
  </testcase> <!-- testFrame -->
  <testcase name="testIFrame" time="0.0" classname="auto.testcases.TestFrame">
    <skipped/>
  </testcase> <!-- testIFrame -->
  <testcase name="testFrame" time="0.0" classname="auto.testcases.TestHorizontalSlider">
    <skipped/>
  </testcase> <!-- testFrame -->
  <testcase name="testFrame" time="0.0" classname="auto.testcases.TestFileDownloader">
    <skipped/>
  </testcase> <!-- testFrame -->
</testsuite> <!-- Surefire test -->
