<!DOCTYPE html>

<html>
  <head>
  <meta charset='utf-8'>
  <title>TestNG reports</title>

    <link type="text/css" href="testng-reports.css" rel="stylesheet" />
    <script type="text/javascript" src="jquery-1.7.1.min.js"></script>
    <script type="text/javascript" src="testng-reports.js"></script>
    <script type="text/javascript" src="https://www.google.com/jsapi"></script>
    <script type='text/javascript'>
      google.load('visualization', '1', {packages:['table']});
      google.setOnLoadCallback(drawTable);
      var suiteTableInitFunctions = new Array();
      var suiteTableData = new Array();
    </script>
    <!--
      <script type="text/javascript" src="jquery-ui/js/jquery-ui-1.8.16.custom.min.js"></script>
     -->
  </head>

  <body>
    <div class="top-banner-root">
      <span class="top-banner-title-font">Test results</span>
      <br/>
      <span class="top-banner-font-1">1 suite</span>
    </div> <!-- top-banner-root -->
    <div class="navigator-root">
      <div class="navigator-suite-header">
        <span>All suites</span>
        <a href="#" class="collapse-all-link" title="Collapse/expand all the suites">
          <img class="collapse-all-icon" src="collapseall.gif">
          </img> <!-- collapse-all-icon -->
        </a> <!-- collapse-all-link -->
      </div> <!-- navigator-suite-header -->
      <div class="suite">
        <div class="rounded-window">
          <div class="suite-header light-rounded-window-top">
            <a href="#" class="navigator-link" panel-name="suite-Surefire_suite">
              <span class="suite-name border-skipped">Surefire suite</span>
            </a> <!-- navigator-link -->
          </div> <!-- suite-header light-rounded-window-top -->
          <div class="navigator-suite-content">
            <div class="suite-section-title">
              <span>Info</span>
            </div> <!-- suite-section-title -->
            <div class="suite-section-content">
              <ul>
                <li>
                  <a href="#" class="navigator-link " panel-name="test-xml-Surefire_suite">
                    <span>[unset file name]</span>
                  </a> <!-- navigator-link  -->
                </li>
                <li>
                  <a href="#" class="navigator-link " panel-name="testlist-Surefire_suite">
                    <span class="test-stats">1 test</span>
                  </a> <!-- navigator-link  -->
                </li>
                <li>
                  <a href="#" class="navigator-link " panel-name="group-Surefire_suite">
                    <span>3 groups</span>
                  </a> <!-- navigator-link  -->
                </li>
                <li>
                  <a href="#" class="navigator-link " panel-name="times-Surefire_suite">
                    <span>Times</span>
                  </a> <!-- navigator-link  -->
                </li>
                <li>
                  <a href="#" class="navigator-link " panel-name="reporter-Surefire_suite">
                    <span>Reporter output</span>
                  </a> <!-- navigator-link  -->
                </li>
                <li>
                  <a href="#" class="navigator-link " panel-name="ignored-methods-Surefire_suite">
                    <span>Ignored methods</span>
                  </a> <!-- navigator-link  -->
                </li>
                <li>
                  <a href="#" class="navigator-link " panel-name="chronological-Surefire_suite">
                    <span>Chronological view</span>
                  </a> <!-- navigator-link  -->
                </li>
              </ul>
            </div> <!-- suite-section-content -->
            <div class="result-section">
              <div class="suite-section-title">
                <span>Results</span>
              </div> <!-- suite-section-title -->
              <div class="suite-section-content">
                <ul>
                  <li>
                    <span class="method-stats">34 methods,  34 skipped,  </span>
                  </li>
                  <li>
                    <span class="method-list-title skipped">Skipped methods</span>
                    <span class="show-or-hide-methods skipped">
                      <a href="#" panel-name="suite-Surefire_suite" class="hide-methods skipped suite-Surefire_suite"> (hide)</a> <!-- hide-methods skipped suite-Surefire_suite -->
                      <a href="#" panel-name="suite-Surefire_suite" class="show-methods skipped suite-Surefire_suite"> (show)</a> <!-- show-methods skipped suite-Surefire_suite -->
                    </span>
                    <div class="method-list-content skipped suite-Surefire_suite">
                      <span>
                        <img width="3%" src="skipped.png"/>
                        <a href="#" class="method navigator-link" panel-name="suite-Surefire_suite" title="auto.testcases.TestBasicAuth" hash-for-method="testBasicAuth">testBasicAuth</a> <!-- method navigator-link -->
                      </span>
                      <br/>
                      <span>
                        <img width="3%" src="skipped.png"/>
                        <a href="#" class="method navigator-link" panel-name="suite-Surefire_suite" title="auto.testcases.TestChallengingDomPage" hash-for-method="testCellText">testCellText</a> <!-- method navigator-link -->
                      </span>
                      <br/>
                      <span>
                        <img width="3%" src="skipped.png"/>
                        <a href="#" class="method navigator-link" panel-name="suite-Surefire_suite" title="auto.testcases.TestContextMenuPage" hash-for-method="testChallengingPage">testChallengingPage</a> <!-- method navigator-link -->
                      </span>
                      <br/>
                      <span>
                        <img width="3%" src="skipped.png"/>
                        <a href="#" class="method navigator-link" panel-name="suite-Surefire_suite" title="auto.testcases.TestChallengingDomPage" hash-for-method="testChallengingPage">testChallengingPage</a> <!-- method navigator-link -->
                      </span>
                      <br/>
                      <span>
                        <img width="3%" src="skipped.png"/>
                        <a href="#" class="method navigator-link" panel-name="suite-Surefire_suite" title="auto.testcases.TestDisappearingElementsPage" hash-for-method="testChallengingPage">testChallengingPage</a> <!-- method navigator-link -->
                      </span>
                      <br/>
                      <span>
                        <img width="3%" src="skipped.png"/>
                        <a href="#" class="method navigator-link" panel-name="suite-Surefire_suite" title="auto.testcases.TestChallengingDomPage" hash-for-method="testChallengingPageViaJava8">testChallengingPageViaJava8</a> <!-- method navigator-link -->
                      </span>
                      <br/>
                      <span>
                        <img width="3%" src="skipped.png"/>
                        <a href="#" class="method navigator-link" panel-name="suite-Surefire_suite" title="auto.testcases.TestCheckboxPage" hash-for-method="testCheckboxPage">testCheckboxPage</a> <!-- method navigator-link -->
                      </span>
                      <br/>
                      <span>
                        <img width="3%" src="skipped.png"/>
                        <a href="#" class="method navigator-link" panel-name="suite-Surefire_suite" title="auto.testcases.TestCheckboxPage" hash-for-method="testCheckboxViaSmartWay">testCheckboxViaSmartWay</a> <!-- method navigator-link -->
                      </span>
                      <br/>
                      <span>
                        <img width="3%" src="skipped.png"/>
                        <a href="#" class="method navigator-link" panel-name="suite-Surefire_suite" title="auto.testcases.TestAlert" hash-for-method="testClickForJSAlert">testClickForJSAlert</a> <!-- method navigator-link -->
                      </span>
                      <br/>
                      <span>
                        <img width="3%" src="skipped.png"/>
                        <a href="#" class="method navigator-link" panel-name="suite-Surefire_suite" title="auto.testcases.TestAlert" hash-for-method="testClickForJSConfirm">testClickForJSConfirm</a> <!-- method navigator-link -->
                      </span>
                      <br/>
                      <span>
                        <img width="3%" src="skipped.png"/>
                        <a href="#" class="method navigator-link" panel-name="suite-Surefire_suite" title="auto.testcases.TestAlert" hash-for-method="testClickForJSPrompt">testClickForJSPrompt</a> <!-- method navigator-link -->
                      </span>
                      <br/>
                      <span>
                        <img width="3%" src="skipped.png"/>
                        <a href="#" class="method navigator-link" panel-name="suite-Surefire_suite" title="auto.testcases.TestDragAndDrop" hash-for-method="testDragAndDrop">testDragAndDrop</a> <!-- method navigator-link -->
                      </span>
                      <br/>
                      <span>
                        <img width="3%" src="skipped.png"/>
                        <a href="#" class="method navigator-link" panel-name="suite-Surefire_suite" title="auto.testcases.TestDropdownPage" hash-for-method="testDropdownPage">testDropdownPage</a> <!-- method navigator-link -->
                      </span>
                      <br/>
                      <span>
                        <img width="3%" src="skipped.png"/>
                        <a href="#" class="method navigator-link" panel-name="suite-Surefire_suite" title="auto.testcases.TestDynamicControls" hash-for-method="testDynamicControlsAdd">testDynamicControlsAdd</a> <!-- method navigator-link -->
                      </span>
                      <br/>
                      <span>
                        <img width="3%" src="skipped.png"/>
                        <a href="#" class="method navigator-link" panel-name="suite-Surefire_suite" title="auto.testcases.TestDynamicControls" hash-for-method="testDynamicControlsRemove">testDynamicControlsRemove</a> <!-- method navigator-link -->
                      </span>
                      <br/>
                      <span>
                        <img width="3%" src="skipped.png"/>
                        <a href="#" class="method navigator-link" panel-name="suite-Surefire_suite" title="auto.testcases.TestDynamicLoadings" hash-for-method="testDynamicLoadingsHidden">testDynamicLoadingsHidden</a> <!-- method navigator-link -->
                      </span>
                      <br/>
                      <span>
                        <img width="3%" src="skipped.png"/>
                        <a href="#" class="method navigator-link" panel-name="suite-Surefire_suite" title="auto.testcases.TestDynamicLoadings" hash-for-method="testDynamicLoadingsRender">testDynamicLoadingsRender</a> <!-- method navigator-link -->
                      </span>
                      <br/>
                      <span>
                        <img width="3%" src="skipped.png"/>
                        <a href="#" class="method navigator-link" panel-name="suite-Surefire_suite" title="auto.testcases.TestInfiniteScroll" hash-for-method="testFrame">testFrame</a> <!-- method navigator-link -->
                      </span>
                      <br/>
                      <span>
                        <img width="3%" src="skipped.png"/>
                        <a href="#" class="method navigator-link" panel-name="suite-Surefire_suite" title="auto.testcases.TestMultipleWindows" hash-for-method="testFrame">testFrame</a> <!-- method navigator-link -->
                      </span>
                      <br/>
                      <span>
                        <img width="3%" src="skipped.png"/>
                        <a href="#" class="method navigator-link" panel-name="suite-Surefire_suite" title="auto.testcases.TestFileUploader" hash-for-method="testFrame">testFrame</a> <!-- method navigator-link -->
                      </span>
                      <br/>
                      <span>
                        <img width="3%" src="skipped.png"/>
                        <a href="#" class="method navigator-link" panel-name="suite-Surefire_suite" title="auto.testcases.TestHorizontalSlider" hash-for-method="testFrame">testFrame</a> <!-- method navigator-link -->
                      </span>
                      <br/>
                      <span>
                        <img width="3%" src="skipped.png"/>
                        <a href="#" class="method navigator-link" panel-name="suite-Surefire_suite" title="auto.testcases.TestHover" hash-for-method="testFrame">testFrame</a> <!-- method navigator-link -->
                      </span>
                      <br/>
                      <span>
                        <img width="3%" src="skipped.png"/>
                        <a href="#" class="method navigator-link" panel-name="suite-Surefire_suite" title="auto.testcases.TestFrame" hash-for-method="testFrame">testFrame</a> <!-- method navigator-link -->
                      </span>
                      <br/>
                      <span>
                        <img width="3%" src="skipped.png"/>
                        <a href="#" class="method navigator-link" panel-name="suite-Surefire_suite" title="auto.testcases.TestFileDownloader" hash-for-method="testFrame">testFrame</a> <!-- method navigator-link -->
                      </span>
                      <br/>
                      <span>
                        <img width="3%" src="skipped.png"/>
                        <a href="#" class="method navigator-link" panel-name="suite-Surefire_suite" title="auto.testcases.TestFrame" hash-for-method="testIFrame">testIFrame</a> <!-- method navigator-link -->
                      </span>
                      <br/>
                      <span>
                        <img width="3%" src="skipped.png"/>
                        <a href="#" class="method navigator-link" panel-name="suite-Surefire_suite" title="auto.testcases.TestKeyPresses" hash-for-method="testKeyPresses">testKeyPresses</a> <!-- method navigator-link -->
                      </span>
                      <br/>
                      <span>
                        <img width="3%" src="skipped.png"/>
                        <a href="#" class="method navigator-link" panel-name="suite-Surefire_suite" title="auto.testcases.TestLargeDeepDOM" hash-for-method="testLargeDeepDOM">testLargeDeepDOM</a> <!-- method navigator-link -->
                      </span>
                      <br/>
                      <span>
                        <img width="3%" src="skipped.png"/>
                        <a href="#" class="method navigator-link" panel-name="suite-Surefire_suite" title="auto.testcases.TestChallengingDomPage" hash-for-method="testListOfButtons">testListOfButtons</a> <!-- method navigator-link -->
                      </span>
                      <br/>
                      <span>
                        <img width="3%" src="skipped.png"/>
                        <a href="#" class="method navigator-link" panel-name="suite-Surefire_suite" title="auto.testcases.TestLogin" hash-for-method="testLoginByJava8Way">testLoginByJava8Way</a> <!-- method navigator-link -->
                      </span>
                      <br/>
                      <span>
                        <img width="3%" src="skipped.png"/>
                        <a href="#" class="method navigator-link" panel-name="suite-Surefire_suite" title="auto.testcases.TestLogin" hash-for-method="testLoginUsingCssSelector">testLoginUsingCssSelector</a> <!-- method navigator-link -->
                      </span>
                      <br/>
                      <span>
                        <img width="3%" src="skipped.png"/>
                        <a href="#" class="method navigator-link" panel-name="suite-Surefire_suite" title="auto.testcases.TestLogin" hash-for-method="testLoginUsingXpath">testLoginUsingXpath</a> <!-- method navigator-link -->
                      </span>
                      <br/>
                      <span>
                        <img width="3%" src="skipped.png"/>
                        <a href="#" class="method navigator-link" panel-name="suite-Surefire_suite" title="auto.testcases.TestLogin" hash-for-method="testLoginWithInvalidUser">testLoginWithInvalidUser</a> <!-- method navigator-link -->
                      </span>
                      <br/>
                      <span>
                        <img width="3%" src="skipped.png"/>
                        <a href="#" class="method navigator-link" panel-name="suite-Surefire_suite" title="auto.testcases.TestCheckboxPage" hash-for-method="testToSelectAllCheckboxes">testToSelectAllCheckboxes</a> <!-- method navigator-link -->
                      </span>
                      <br/>
                      <span>
                        <img width="3%" src="skipped.png"/>
                        <a href="#" class="method navigator-link" panel-name="suite-Surefire_suite" title="auto.testcases.TestWelcomePage" hash-for-method="testWelcomePage">testWelcomePage</a> <!-- method navigator-link -->
                      </span>
                      <br/>
                    </div> <!-- method-list-content skipped suite-Surefire_suite -->
                  </li>
                </ul>
              </div> <!-- suite-section-content -->
            </div> <!-- result-section -->
          </div> <!-- navigator-suite-content -->
        </div> <!-- rounded-window -->
      </div> <!-- suite -->
    </div> <!-- navigator-root -->
    <div class="wrapper">
      <div class="main-panel-root">
        <div panel-name="suite-Surefire_suite" class="panel Surefire_suite">
          <div class="suite-Surefire_suite-class-skipped">
            <div class="main-panel-header rounded-window-top">
              <img src="skipped.png"/>
              <span class="class-name">auto.testcases.TestDisappearingElementsPage</span>
            </div> <!-- main-panel-header rounded-window-top -->
            <div class="main-panel-content rounded-window-bottom">
              <div class="method">
                <div class="method-content">
                  <a name="testChallengingPage">
                  </a> <!-- testChallengingPage -->
                  <span class="method-name">testChallengingPage</span>
                  <div class="stack-trace">java.lang.IllegalStateException: The driver executable does not exist: /Users/aleem/eclipse-workspace/WebFramework/JWAF/drivers/chromedriver
	at com.google.common.base.Preconditions.checkState(Preconditions.java:585)
	at org.openqa.selenium.remote.service.DriverService.checkExecutable(DriverService.java:146)
	at org.openqa.selenium.remote.service.DriverService.findExecutable(DriverService.java:141)
	at org.openqa.selenium.chrome.ChromeDriverService.access$000(ChromeDriverService.java:35)
	at org.openqa.selenium.chrome.ChromeDriverService$Builder.findDefaultExecutable(ChromeDriverService.java:159)
	at org.openqa.selenium.remote.service.DriverService$Builder.build(DriverService.java:355)
	at org.openqa.selenium.chrome.ChromeDriverService.createDefaultService(ChromeDriverService.java:94)
	at org.openqa.selenium.chrome.ChromeDriver.&lt;init&gt;(ChromeDriver.java:123)
	at auto.utility.DriverFactory.getDriver(DriverFactory.java:27)
	at auto.utility.Init.setUp(Init.java:30)
	at java.util.ArrayList.forEach(ArrayList.java:1259)
... Removed 35 stack frames
</div> <!-- stack-trace -->
                </div> <!-- method-content -->
              </div> <!-- method -->
            </div> <!-- main-panel-content rounded-window-bottom -->
          </div> <!-- suite-Surefire_suite-class-skipped -->
          <div class="suite-Surefire_suite-class-skipped">
            <div class="main-panel-header rounded-window-top">
              <img src="skipped.png"/>
              <span class="class-name">auto.testcases.TestContextMenuPage</span>
            </div> <!-- main-panel-header rounded-window-top -->
            <div class="main-panel-content rounded-window-bottom">
              <div class="method">
                <div class="method-content">
                  <a name="testChallengingPage">
                  </a> <!-- testChallengingPage -->
                  <span class="method-name">testChallengingPage</span>
                  <div class="stack-trace">java.lang.IllegalStateException: The driver executable does not exist: /Users/aleem/eclipse-workspace/WebFramework/JWAF/drivers/chromedriver
	at com.google.common.base.Preconditions.checkState(Preconditions.java:585)
	at org.openqa.selenium.remote.service.DriverService.checkExecutable(DriverService.java:146)
	at org.openqa.selenium.remote.service.DriverService.findExecutable(DriverService.java:141)
	at org.openqa.selenium.chrome.ChromeDriverService.access$000(ChromeDriverService.java:35)
	at org.openqa.selenium.chrome.ChromeDriverService$Builder.findDefaultExecutable(ChromeDriverService.java:159)
	at org.openqa.selenium.remote.service.DriverService$Builder.build(DriverService.java:355)
	at org.openqa.selenium.chrome.ChromeDriverService.createDefaultService(ChromeDriverService.java:94)
	at org.openqa.selenium.chrome.ChromeDriver.&lt;init&gt;(ChromeDriver.java:123)
	at auto.utility.DriverFactory.getDriver(DriverFactory.java:27)
	at auto.utility.Init.setUp(Init.java:30)
	at java.util.ArrayList.forEach(ArrayList.java:1259)
... Removed 35 stack frames
</div> <!-- stack-trace -->
                </div> <!-- method-content -->
              </div> <!-- method -->
            </div> <!-- main-panel-content rounded-window-bottom -->
          </div> <!-- suite-Surefire_suite-class-skipped -->
          <div class="suite-Surefire_suite-class-skipped">
            <div class="main-panel-header rounded-window-top">
              <img src="skipped.png"/>
              <span class="class-name">auto.testcases.TestChallengingDomPage</span>
            </div> <!-- main-panel-header rounded-window-top -->
            <div class="main-panel-content rounded-window-bottom">
              <div class="method">
                <div class="method-content">
                  <a name="testCellText">
                  </a> <!-- testCellText -->
                  <span class="method-name">testCellText</span>
                  <div class="stack-trace">java.lang.IllegalStateException: The driver executable does not exist: /Users/aleem/eclipse-workspace/WebFramework/JWAF/drivers/chromedriver
	at com.google.common.base.Preconditions.checkState(Preconditions.java:585)
	at org.openqa.selenium.remote.service.DriverService.checkExecutable(DriverService.java:146)
	at org.openqa.selenium.remote.service.DriverService.findExecutable(DriverService.java:141)
	at org.openqa.selenium.chrome.ChromeDriverService.access$000(ChromeDriverService.java:35)
	at org.openqa.selenium.chrome.ChromeDriverService$Builder.findDefaultExecutable(ChromeDriverService.java:159)
	at org.openqa.selenium.remote.service.DriverService$Builder.build(DriverService.java:355)
	at org.openqa.selenium.chrome.ChromeDriverService.createDefaultService(ChromeDriverService.java:94)
	at org.openqa.selenium.chrome.ChromeDriver.&lt;init&gt;(ChromeDriver.java:123)
	at auto.utility.DriverFactory.getDriver(DriverFactory.java:27)
	at auto.utility.Init.setUp(Init.java:30)
	at java.util.ArrayList.forEach(ArrayList.java:1259)
... Removed 36 stack frames
</div> <!-- stack-trace -->
                </div> <!-- method-content -->
              </div> <!-- method -->
              <div class="method">
                <div class="method-content">
                  <a name="testChallengingPage">
                  </a> <!-- testChallengingPage -->
                  <span class="method-name">testChallengingPage</span>
                  <div class="stack-trace">java.lang.IllegalStateException: The driver executable does not exist: /Users/aleem/eclipse-workspace/WebFramework/JWAF/drivers/chromedriver
	at com.google.common.base.Preconditions.checkState(Preconditions.java:585)
	at org.openqa.selenium.remote.service.DriverService.checkExecutable(DriverService.java:146)
	at org.openqa.selenium.remote.service.DriverService.findExecutable(DriverService.java:141)
	at org.openqa.selenium.chrome.ChromeDriverService.access$000(ChromeDriverService.java:35)
	at org.openqa.selenium.chrome.ChromeDriverService$Builder.findDefaultExecutable(ChromeDriverService.java:159)
	at org.openqa.selenium.remote.service.DriverService$Builder.build(DriverService.java:355)
	at org.openqa.selenium.chrome.ChromeDriverService.createDefaultService(ChromeDriverService.java:94)
	at org.openqa.selenium.chrome.ChromeDriver.&lt;init&gt;(ChromeDriver.java:123)
	at auto.utility.DriverFactory.getDriver(DriverFactory.java:27)
	at auto.utility.Init.setUp(Init.java:30)
	at java.util.ArrayList.forEach(ArrayList.java:1259)
... Removed 36 stack frames
</div> <!-- stack-trace -->
                </div> <!-- method-content -->
              </div> <!-- method -->
              <div class="method">
                <div class="method-content">
                  <a name="testChallengingPageViaJava8">
                  </a> <!-- testChallengingPageViaJava8 -->
                  <span class="method-name">testChallengingPageViaJava8</span>
                  <div class="stack-trace">java.lang.IllegalStateException: The driver executable does not exist: /Users/aleem/eclipse-workspace/WebFramework/JWAF/drivers/chromedriver
	at com.google.common.base.Preconditions.checkState(Preconditions.java:585)
	at org.openqa.selenium.remote.service.DriverService.checkExecutable(DriverService.java:146)
	at org.openqa.selenium.remote.service.DriverService.findExecutable(DriverService.java:141)
	at org.openqa.selenium.chrome.ChromeDriverService.access$000(ChromeDriverService.java:35)
	at org.openqa.selenium.chrome.ChromeDriverService$Builder.findDefaultExecutable(ChromeDriverService.java:159)
	at org.openqa.selenium.remote.service.DriverService$Builder.build(DriverService.java:355)
	at org.openqa.selenium.chrome.ChromeDriverService.createDefaultService(ChromeDriverService.java:94)
	at org.openqa.selenium.chrome.ChromeDriver.&lt;init&gt;(ChromeDriver.java:123)
	at auto.utility.DriverFactory.getDriver(DriverFactory.java:27)
	at auto.utility.Init.setUp(Init.java:30)
	at java.util.ArrayList.forEach(ArrayList.java:1259)
... Removed 36 stack frames
</div> <!-- stack-trace -->
                </div> <!-- method-content -->
              </div> <!-- method -->
              <div class="method">
                <div class="method-content">
                  <a name="testListOfButtons">
                  </a> <!-- testListOfButtons -->
                  <span class="method-name">testListOfButtons</span>
                  <div class="stack-trace">java.lang.IllegalStateException: The driver executable does not exist: /Users/aleem/eclipse-workspace/WebFramework/JWAF/drivers/chromedriver
	at com.google.common.base.Preconditions.checkState(Preconditions.java:585)
	at org.openqa.selenium.remote.service.DriverService.checkExecutable(DriverService.java:146)
	at org.openqa.selenium.remote.service.DriverService.findExecutable(DriverService.java:141)
	at org.openqa.selenium.chrome.ChromeDriverService.access$000(ChromeDriverService.java:35)
	at org.openqa.selenium.chrome.ChromeDriverService$Builder.findDefaultExecutable(ChromeDriverService.java:159)
	at org.openqa.selenium.remote.service.DriverService$Builder.build(DriverService.java:355)
	at org.openqa.selenium.chrome.ChromeDriverService.createDefaultService(ChromeDriverService.java:94)
	at org.openqa.selenium.chrome.ChromeDriver.&lt;init&gt;(ChromeDriver.java:123)
	at auto.utility.DriverFactory.getDriver(DriverFactory.java:27)
	at auto.utility.Init.setUp(Init.java:30)
	at java.util.ArrayList.forEach(ArrayList.java:1259)
... Removed 36 stack frames
</div> <!-- stack-trace -->
                </div> <!-- method-content -->
              </div> <!-- method -->
            </div> <!-- main-panel-content rounded-window-bottom -->
          </div> <!-- suite-Surefire_suite-class-skipped -->
          <div class="suite-Surefire_suite-class-skipped">
            <div class="main-panel-header rounded-window-top">
              <img src="skipped.png"/>
              <span class="class-name">auto.testcases.TestMultipleWindows</span>
            </div> <!-- main-panel-header rounded-window-top -->
            <div class="main-panel-content rounded-window-bottom">
              <div class="method">
                <div class="method-content">
                  <a name="testFrame">
                  </a> <!-- testFrame -->
                  <span class="method-name">testFrame</span>
                  <div class="stack-trace">java.lang.IllegalStateException: The driver executable does not exist: /Users/aleem/eclipse-workspace/WebFramework/JWAF/drivers/chromedriver
	at com.google.common.base.Preconditions.checkState(Preconditions.java:585)
	at org.openqa.selenium.remote.service.DriverService.checkExecutable(DriverService.java:146)
	at org.openqa.selenium.remote.service.DriverService.findExecutable(DriverService.java:141)
	at org.openqa.selenium.chrome.ChromeDriverService.access$000(ChromeDriverService.java:35)
	at org.openqa.selenium.chrome.ChromeDriverService$Builder.findDefaultExecutable(ChromeDriverService.java:159)
	at org.openqa.selenium.remote.service.DriverService$Builder.build(DriverService.java:355)
	at org.openqa.selenium.chrome.ChromeDriverService.createDefaultService(ChromeDriverService.java:94)
	at org.openqa.selenium.chrome.ChromeDriver.&lt;init&gt;(ChromeDriver.java:123)
	at auto.utility.DriverFactory.getDriver(DriverFactory.java:27)
	at auto.utility.Init.setUp(Init.java:30)
	at java.util.ArrayList.forEach(ArrayList.java:1259)
... Removed 35 stack frames
</div> <!-- stack-trace -->
                </div> <!-- method-content -->
              </div> <!-- method -->
            </div> <!-- main-panel-content rounded-window-bottom -->
          </div> <!-- suite-Surefire_suite-class-skipped -->
          <div class="suite-Surefire_suite-class-skipped">
            <div class="main-panel-header rounded-window-top">
              <img src="skipped.png"/>
              <span class="class-name">auto.testcases.TestDragAndDrop</span>
            </div> <!-- main-panel-header rounded-window-top -->
            <div class="main-panel-content rounded-window-bottom">
              <div class="method">
                <div class="method-content">
                  <a name="testDragAndDrop">
                  </a> <!-- testDragAndDrop -->
                  <span class="method-name">testDragAndDrop</span>
                  <div class="stack-trace">java.lang.IllegalStateException: The driver executable does not exist: /Users/aleem/eclipse-workspace/WebFramework/JWAF/drivers/chromedriver
	at com.google.common.base.Preconditions.checkState(Preconditions.java:585)
	at org.openqa.selenium.remote.service.DriverService.checkExecutable(DriverService.java:146)
	at org.openqa.selenium.remote.service.DriverService.findExecutable(DriverService.java:141)
	at org.openqa.selenium.chrome.ChromeDriverService.access$000(ChromeDriverService.java:35)
	at org.openqa.selenium.chrome.ChromeDriverService$Builder.findDefaultExecutable(ChromeDriverService.java:159)
	at org.openqa.selenium.remote.service.DriverService$Builder.build(DriverService.java:355)
	at org.openqa.selenium.chrome.ChromeDriverService.createDefaultService(ChromeDriverService.java:94)
	at org.openqa.selenium.chrome.ChromeDriver.&lt;init&gt;(ChromeDriver.java:123)
	at auto.utility.DriverFactory.getDriver(DriverFactory.java:27)
	at auto.utility.Init.setUp(Init.java:30)
	at java.util.ArrayList.forEach(ArrayList.java:1259)
... Removed 35 stack frames
</div> <!-- stack-trace -->
                </div> <!-- method-content -->
              </div> <!-- method -->
            </div> <!-- main-panel-content rounded-window-bottom -->
          </div> <!-- suite-Surefire_suite-class-skipped -->
          <div class="suite-Surefire_suite-class-skipped">
            <div class="main-panel-header rounded-window-top">
              <img src="skipped.png"/>
              <span class="class-name">auto.testcases.TestFrame</span>
            </div> <!-- main-panel-header rounded-window-top -->
            <div class="main-panel-content rounded-window-bottom">
              <div class="method">
                <div class="method-content">
                  <a name="testFrame">
                  </a> <!-- testFrame -->
                  <span class="method-name">testFrame</span>
                  <div class="stack-trace">java.lang.IllegalStateException: The driver executable does not exist: /Users/aleem/eclipse-workspace/WebFramework/JWAF/drivers/chromedriver
	at com.google.common.base.Preconditions.checkState(Preconditions.java:585)
	at org.openqa.selenium.remote.service.DriverService.checkExecutable(DriverService.java:146)
	at org.openqa.selenium.remote.service.DriverService.findExecutable(DriverService.java:141)
	at org.openqa.selenium.chrome.ChromeDriverService.access$000(ChromeDriverService.java:35)
	at org.openqa.selenium.chrome.ChromeDriverService$Builder.findDefaultExecutable(ChromeDriverService.java:159)
	at org.openqa.selenium.remote.service.DriverService$Builder.build(DriverService.java:355)
	at org.openqa.selenium.chrome.ChromeDriverService.createDefaultService(ChromeDriverService.java:94)
	at org.openqa.selenium.chrome.ChromeDriver.&lt;init&gt;(ChromeDriver.java:123)
	at auto.utility.DriverFactory.getDriver(DriverFactory.java:27)
	at auto.utility.Init.setUp(Init.java:30)
	at java.util.ArrayList.forEach(ArrayList.java:1259)
... Removed 35 stack frames
</div> <!-- stack-trace -->
                </div> <!-- method-content -->
              </div> <!-- method -->
              <div class="method">
                <div class="method-content">
                  <a name="testIFrame">
                  </a> <!-- testIFrame -->
                  <span class="method-name">testIFrame</span>
                  <div class="stack-trace">java.lang.IllegalStateException: The driver executable does not exist: /Users/aleem/eclipse-workspace/WebFramework/JWAF/drivers/chromedriver
	at com.google.common.base.Preconditions.checkState(Preconditions.java:585)
	at org.openqa.selenium.remote.service.DriverService.checkExecutable(DriverService.java:146)
	at org.openqa.selenium.remote.service.DriverService.findExecutable(DriverService.java:141)
	at org.openqa.selenium.chrome.ChromeDriverService.access$000(ChromeDriverService.java:35)
	at org.openqa.selenium.chrome.ChromeDriverService$Builder.findDefaultExecutable(ChromeDriverService.java:159)
	at org.openqa.selenium.remote.service.DriverService$Builder.build(DriverService.java:355)
	at org.openqa.selenium.chrome.ChromeDriverService.createDefaultService(ChromeDriverService.java:94)
	at org.openqa.selenium.chrome.ChromeDriver.&lt;init&gt;(ChromeDriver.java:123)
	at auto.utility.DriverFactory.getDriver(DriverFactory.java:27)
	at auto.utility.Init.setUp(Init.java:30)
	at java.util.ArrayList.forEach(ArrayList.java:1259)
... Removed 35 stack frames
</div> <!-- stack-trace -->
                </div> <!-- method-content -->
              </div> <!-- method -->
            </div> <!-- main-panel-content rounded-window-bottom -->
          </div> <!-- suite-Surefire_suite-class-skipped -->
          <div class="suite-Surefire_suite-class-skipped">
            <div class="main-panel-header rounded-window-top">
              <img src="skipped.png"/>
              <span class="class-name">auto.testcases.TestAlert</span>
            </div> <!-- main-panel-header rounded-window-top -->
            <div class="main-panel-content rounded-window-bottom">
              <div class="method">
                <div class="method-content">
                  <a name="testClickForJSAlert">
                  </a> <!-- testClickForJSAlert -->
                  <span class="method-name">testClickForJSAlert</span>
                  <div class="stack-trace">java.lang.IllegalStateException: The driver executable does not exist: /Users/aleem/eclipse-workspace/WebFramework/JWAF/drivers/chromedriver
	at com.google.common.base.Preconditions.checkState(Preconditions.java:585)
	at org.openqa.selenium.remote.service.DriverService.checkExecutable(DriverService.java:146)
	at org.openqa.selenium.remote.service.DriverService.findExecutable(DriverService.java:141)
	at org.openqa.selenium.chrome.ChromeDriverService.access$000(ChromeDriverService.java:35)
	at org.openqa.selenium.chrome.ChromeDriverService$Builder.findDefaultExecutable(ChromeDriverService.java:159)
	at org.openqa.selenium.remote.service.DriverService$Builder.build(DriverService.java:355)
	at org.openqa.selenium.chrome.ChromeDriverService.createDefaultService(ChromeDriverService.java:94)
	at org.openqa.selenium.chrome.ChromeDriver.&lt;init&gt;(ChromeDriver.java:123)
	at auto.utility.DriverFactory.getDriver(DriverFactory.java:27)
	at auto.utility.Init.setUp(Init.java:30)
	at java.util.ArrayList.forEach(ArrayList.java:1259)
... Removed 36 stack frames
</div> <!-- stack-trace -->
                </div> <!-- method-content -->
              </div> <!-- method -->
              <div class="method">
                <div class="method-content">
                  <a name="testClickForJSConfirm">
                  </a> <!-- testClickForJSConfirm -->
                  <span class="method-name">testClickForJSConfirm</span>
                  <div class="stack-trace">java.lang.IllegalStateException: The driver executable does not exist: /Users/aleem/eclipse-workspace/WebFramework/JWAF/drivers/chromedriver
	at com.google.common.base.Preconditions.checkState(Preconditions.java:585)
	at org.openqa.selenium.remote.service.DriverService.checkExecutable(DriverService.java:146)
	at org.openqa.selenium.remote.service.DriverService.findExecutable(DriverService.java:141)
	at org.openqa.selenium.chrome.ChromeDriverService.access$000(ChromeDriverService.java:35)
	at org.openqa.selenium.chrome.ChromeDriverService$Builder.findDefaultExecutable(ChromeDriverService.java:159)
	at org.openqa.selenium.remote.service.DriverService$Builder.build(DriverService.java:355)
	at org.openqa.selenium.chrome.ChromeDriverService.createDefaultService(ChromeDriverService.java:94)
	at org.openqa.selenium.chrome.ChromeDriver.&lt;init&gt;(ChromeDriver.java:123)
	at auto.utility.DriverFactory.getDriver(DriverFactory.java:27)
	at auto.utility.Init.setUp(Init.java:30)
	at java.util.ArrayList.forEach(ArrayList.java:1259)
... Removed 36 stack frames
</div> <!-- stack-trace -->
                </div> <!-- method-content -->
              </div> <!-- method -->
              <div class="method">
                <div class="method-content">
                  <a name="testClickForJSPrompt">
                  </a> <!-- testClickForJSPrompt -->
                  <span class="method-name">testClickForJSPrompt</span>
                  <div class="stack-trace">java.lang.IllegalStateException: The driver executable does not exist: /Users/aleem/eclipse-workspace/WebFramework/JWAF/drivers/chromedriver
	at com.google.common.base.Preconditions.checkState(Preconditions.java:585)
	at org.openqa.selenium.remote.service.DriverService.checkExecutable(DriverService.java:146)
	at org.openqa.selenium.remote.service.DriverService.findExecutable(DriverService.java:141)
	at org.openqa.selenium.chrome.ChromeDriverService.access$000(ChromeDriverService.java:35)
	at org.openqa.selenium.chrome.ChromeDriverService$Builder.findDefaultExecutable(ChromeDriverService.java:159)
	at org.openqa.selenium.remote.service.DriverService$Builder.build(DriverService.java:355)
	at org.openqa.selenium.chrome.ChromeDriverService.createDefaultService(ChromeDriverService.java:94)
	at org.openqa.selenium.chrome.ChromeDriver.&lt;init&gt;(ChromeDriver.java:123)
	at auto.utility.DriverFactory.getDriver(DriverFactory.java:27)
	at auto.utility.Init.setUp(Init.java:30)
	at java.util.ArrayList.forEach(ArrayList.java:1259)
... Removed 36 stack frames
</div> <!-- stack-trace -->
                </div> <!-- method-content -->
              </div> <!-- method -->
            </div> <!-- main-panel-content rounded-window-bottom -->
          </div> <!-- suite-Surefire_suite-class-skipped -->
          <div class="suite-Surefire_suite-class-skipped">
            <div class="main-panel-header rounded-window-top">
              <img src="skipped.png"/>
              <span class="class-name">auto.testcases.TestBasicAuth</span>
            </div> <!-- main-panel-header rounded-window-top -->
            <div class="main-panel-content rounded-window-bottom">
              <div class="method">
                <div class="method-content">
                  <a name="testBasicAuth">
                  </a> <!-- testBasicAuth -->
                  <span class="method-name">testBasicAuth</span>
                  <div class="stack-trace">java.lang.IllegalStateException: The driver executable does not exist: /Users/aleem/eclipse-workspace/WebFramework/JWAF/drivers/chromedriver
	at com.google.common.base.Preconditions.checkState(Preconditions.java:585)
	at org.openqa.selenium.remote.service.DriverService.checkExecutable(DriverService.java:146)
	at org.openqa.selenium.remote.service.DriverService.findExecutable(DriverService.java:141)
	at org.openqa.selenium.chrome.ChromeDriverService.access$000(ChromeDriverService.java:35)
	at org.openqa.selenium.chrome.ChromeDriverService$Builder.findDefaultExecutable(ChromeDriverService.java:159)
	at org.openqa.selenium.remote.service.DriverService$Builder.build(DriverService.java:355)
	at org.openqa.selenium.chrome.ChromeDriverService.createDefaultService(ChromeDriverService.java:94)
	at org.openqa.selenium.chrome.ChromeDriver.&lt;init&gt;(ChromeDriver.java:123)
	at auto.utility.DriverFactory.getDriver(DriverFactory.java:27)
	at auto.utility.Init.setUp(Init.java:30)
	at java.util.ArrayList.forEach(ArrayList.java:1259)
... Removed 36 stack frames
</div> <!-- stack-trace -->
                </div> <!-- method-content -->
              </div> <!-- method -->
            </div> <!-- main-panel-content rounded-window-bottom -->
          </div> <!-- suite-Surefire_suite-class-skipped -->
          <div class="suite-Surefire_suite-class-skipped">
            <div class="main-panel-header rounded-window-top">
              <img src="skipped.png"/>
              <span class="class-name">auto.testcases.TestHover</span>
            </div> <!-- main-panel-header rounded-window-top -->
            <div class="main-panel-content rounded-window-bottom">
              <div class="method">
                <div class="method-content">
                  <a name="testFrame">
                  </a> <!-- testFrame -->
                  <span class="method-name">testFrame</span>
                  <div class="stack-trace">java.lang.IllegalStateException: The driver executable does not exist: /Users/aleem/eclipse-workspace/WebFramework/JWAF/drivers/chromedriver
	at com.google.common.base.Preconditions.checkState(Preconditions.java:585)
	at org.openqa.selenium.remote.service.DriverService.checkExecutable(DriverService.java:146)
	at org.openqa.selenium.remote.service.DriverService.findExecutable(DriverService.java:141)
	at org.openqa.selenium.chrome.ChromeDriverService.access$000(ChromeDriverService.java:35)
	at org.openqa.selenium.chrome.ChromeDriverService$Builder.findDefaultExecutable(ChromeDriverService.java:159)
	at org.openqa.selenium.remote.service.DriverService$Builder.build(DriverService.java:355)
	at org.openqa.selenium.chrome.ChromeDriverService.createDefaultService(ChromeDriverService.java:94)
	at org.openqa.selenium.chrome.ChromeDriver.&lt;init&gt;(ChromeDriver.java:123)
	at auto.utility.DriverFactory.getDriver(DriverFactory.java:27)
	at auto.utility.Init.setUp(Init.java:30)
	at java.util.ArrayList.forEach(ArrayList.java:1259)
... Removed 36 stack frames
</div> <!-- stack-trace -->
                </div> <!-- method-content -->
              </div> <!-- method -->
            </div> <!-- main-panel-content rounded-window-bottom -->
          </div> <!-- suite-Surefire_suite-class-skipped -->
          <div class="suite-Surefire_suite-class-skipped">
            <div class="main-panel-header rounded-window-top">
              <img src="skipped.png"/>
              <span class="class-name">auto.testcases.TestLogin</span>
            </div> <!-- main-panel-header rounded-window-top -->
            <div class="main-panel-content rounded-window-bottom">
              <div class="method">
                <div class="method-content">
                  <a name="testLoginByJava8Way">
                  </a> <!-- testLoginByJava8Way -->
                  <span class="method-name">testLoginByJava8Way</span>
                  <div class="stack-trace">java.lang.IllegalStateException: The driver executable does not exist: /Users/aleem/eclipse-workspace/WebFramework/JWAF/drivers/chromedriver
	at com.google.common.base.Preconditions.checkState(Preconditions.java:585)
	at org.openqa.selenium.remote.service.DriverService.checkExecutable(DriverService.java:146)
	at org.openqa.selenium.remote.service.DriverService.findExecutable(DriverService.java:141)
	at org.openqa.selenium.chrome.ChromeDriverService.access$000(ChromeDriverService.java:35)
	at org.openqa.selenium.chrome.ChromeDriverService$Builder.findDefaultExecutable(ChromeDriverService.java:159)
	at org.openqa.selenium.remote.service.DriverService$Builder.build(DriverService.java:355)
	at org.openqa.selenium.chrome.ChromeDriverService.createDefaultService(ChromeDriverService.java:94)
	at org.openqa.selenium.chrome.ChromeDriver.&lt;init&gt;(ChromeDriver.java:123)
	at auto.utility.DriverFactory.getDriver(DriverFactory.java:27)
	at auto.utility.Init.setUp(Init.java:30)
	at java.util.ArrayList.forEach(ArrayList.java:1259)
... Removed 36 stack frames
</div> <!-- stack-trace -->
                </div> <!-- method-content -->
              </div> <!-- method -->
              <div class="method">
                <div class="method-content">
                  <a name="testLoginUsingCssSelector">
                  </a> <!-- testLoginUsingCssSelector -->
                  <span class="method-name">testLoginUsingCssSelector</span>
                  <div class="stack-trace">java.lang.IllegalStateException: The driver executable does not exist: /Users/aleem/eclipse-workspace/WebFramework/JWAF/drivers/chromedriver
	at com.google.common.base.Preconditions.checkState(Preconditions.java:585)
	at org.openqa.selenium.remote.service.DriverService.checkExecutable(DriverService.java:146)
	at org.openqa.selenium.remote.service.DriverService.findExecutable(DriverService.java:141)
	at org.openqa.selenium.chrome.ChromeDriverService.access$000(ChromeDriverService.java:35)
	at org.openqa.selenium.chrome.ChromeDriverService$Builder.findDefaultExecutable(ChromeDriverService.java:159)
	at org.openqa.selenium.remote.service.DriverService$Builder.build(DriverService.java:355)
	at org.openqa.selenium.chrome.ChromeDriverService.createDefaultService(ChromeDriverService.java:94)
	at org.openqa.selenium.chrome.ChromeDriver.&lt;init&gt;(ChromeDriver.java:123)
	at auto.utility.DriverFactory.getDriver(DriverFactory.java:27)
	at auto.utility.Init.setUp(Init.java:30)
	at java.util.ArrayList.forEach(ArrayList.java:1259)
... Removed 36 stack frames
</div> <!-- stack-trace -->
                </div> <!-- method-content -->
              </div> <!-- method -->
              <div class="method">
                <div class="method-content">
                  <a name="testLoginUsingXpath">
                  </a> <!-- testLoginUsingXpath -->
                  <span class="method-name">testLoginUsingXpath</span>
                  <div class="stack-trace">java.lang.IllegalStateException: The driver executable does not exist: /Users/aleem/eclipse-workspace/WebFramework/JWAF/drivers/chromedriver
	at com.google.common.base.Preconditions.checkState(Preconditions.java:585)
	at org.openqa.selenium.remote.service.DriverService.checkExecutable(DriverService.java:146)
	at org.openqa.selenium.remote.service.DriverService.findExecutable(DriverService.java:141)
	at org.openqa.selenium.chrome.ChromeDriverService.access$000(ChromeDriverService.java:35)
	at org.openqa.selenium.chrome.ChromeDriverService$Builder.findDefaultExecutable(ChromeDriverService.java:159)
	at org.openqa.selenium.remote.service.DriverService$Builder.build(DriverService.java:355)
	at org.openqa.selenium.chrome.ChromeDriverService.createDefaultService(ChromeDriverService.java:94)
	at org.openqa.selenium.chrome.ChromeDriver.&lt;init&gt;(ChromeDriver.java:123)
	at auto.utility.DriverFactory.getDriver(DriverFactory.java:27)
	at auto.utility.Init.setUp(Init.java:30)
	at java.util.ArrayList.forEach(ArrayList.java:1259)
... Removed 36 stack frames
</div> <!-- stack-trace -->
                </div> <!-- method-content -->
              </div> <!-- method -->
              <div class="method">
                <div class="method-content">
                  <a name="testLoginWithInvalidUser">
                  </a> <!-- testLoginWithInvalidUser -->
                  <span class="method-name">testLoginWithInvalidUser</span>
                  <div class="stack-trace">java.lang.IllegalStateException: The driver executable does not exist: /Users/aleem/eclipse-workspace/WebFramework/JWAF/drivers/chromedriver
	at com.google.common.base.Preconditions.checkState(Preconditions.java:585)
	at org.openqa.selenium.remote.service.DriverService.checkExecutable(DriverService.java:146)
	at org.openqa.selenium.remote.service.DriverService.findExecutable(DriverService.java:141)
	at org.openqa.selenium.chrome.ChromeDriverService.access$000(ChromeDriverService.java:35)
	at org.openqa.selenium.chrome.ChromeDriverService$Builder.findDefaultExecutable(ChromeDriverService.java:159)
	at org.openqa.selenium.remote.service.DriverService$Builder.build(DriverService.java:355)
	at org.openqa.selenium.chrome.ChromeDriverService.createDefaultService(ChromeDriverService.java:94)
	at org.openqa.selenium.chrome.ChromeDriver.&lt;init&gt;(ChromeDriver.java:123)
	at auto.utility.DriverFactory.getDriver(DriverFactory.java:27)
	at auto.utility.Init.setUp(Init.java:30)
	at java.util.ArrayList.forEach(ArrayList.java:1259)
... Removed 36 stack frames
</div> <!-- stack-trace -->
                </div> <!-- method-content -->
              </div> <!-- method -->
            </div> <!-- main-panel-content rounded-window-bottom -->
          </div> <!-- suite-Surefire_suite-class-skipped -->
          <div class="suite-Surefire_suite-class-skipped">
            <div class="main-panel-header rounded-window-top">
              <img src="skipped.png"/>
              <span class="class-name">auto.testcases.TestDynamicControls</span>
            </div> <!-- main-panel-header rounded-window-top -->
            <div class="main-panel-content rounded-window-bottom">
              <div class="method">
                <div class="method-content">
                  <a name="testDynamicControlsAdd">
                  </a> <!-- testDynamicControlsAdd -->
                  <span class="method-name">testDynamicControlsAdd</span>
                  <div class="stack-trace">java.lang.IllegalStateException: The driver executable does not exist: /Users/aleem/eclipse-workspace/WebFramework/JWAF/drivers/chromedriver
	at com.google.common.base.Preconditions.checkState(Preconditions.java:585)
	at org.openqa.selenium.remote.service.DriverService.checkExecutable(DriverService.java:146)
	at org.openqa.selenium.remote.service.DriverService.findExecutable(DriverService.java:141)
	at org.openqa.selenium.chrome.ChromeDriverService.access$000(ChromeDriverService.java:35)
	at org.openqa.selenium.chrome.ChromeDriverService$Builder.findDefaultExecutable(ChromeDriverService.java:159)
	at org.openqa.selenium.remote.service.DriverService$Builder.build(DriverService.java:355)
	at org.openqa.selenium.chrome.ChromeDriverService.createDefaultService(ChromeDriverService.java:94)
	at org.openqa.selenium.chrome.ChromeDriver.&lt;init&gt;(ChromeDriver.java:123)
	at auto.utility.DriverFactory.getDriver(DriverFactory.java:27)
	at auto.utility.Init.setUp(Init.java:30)
	at java.util.ArrayList.forEach(ArrayList.java:1259)
... Removed 35 stack frames
</div> <!-- stack-trace -->
                </div> <!-- method-content -->
              </div> <!-- method -->
              <div class="method">
                <div class="method-content">
                  <a name="testDynamicControlsRemove">
                  </a> <!-- testDynamicControlsRemove -->
                  <span class="method-name">testDynamicControlsRemove</span>
                  <div class="stack-trace">java.lang.IllegalStateException: The driver executable does not exist: /Users/aleem/eclipse-workspace/WebFramework/JWAF/drivers/chromedriver
	at com.google.common.base.Preconditions.checkState(Preconditions.java:585)
	at org.openqa.selenium.remote.service.DriverService.checkExecutable(DriverService.java:146)
	at org.openqa.selenium.remote.service.DriverService.findExecutable(DriverService.java:141)
	at org.openqa.selenium.chrome.ChromeDriverService.access$000(ChromeDriverService.java:35)
	at org.openqa.selenium.chrome.ChromeDriverService$Builder.findDefaultExecutable(ChromeDriverService.java:159)
	at org.openqa.selenium.remote.service.DriverService$Builder.build(DriverService.java:355)
	at org.openqa.selenium.chrome.ChromeDriverService.createDefaultService(ChromeDriverService.java:94)
	at org.openqa.selenium.chrome.ChromeDriver.&lt;init&gt;(ChromeDriver.java:123)
	at auto.utility.DriverFactory.getDriver(DriverFactory.java:27)
	at auto.utility.Init.setUp(Init.java:30)
	at java.util.ArrayList.forEach(ArrayList.java:1259)
... Removed 35 stack frames
</div> <!-- stack-trace -->
                </div> <!-- method-content -->
              </div> <!-- method -->
            </div> <!-- main-panel-content rounded-window-bottom -->
          </div> <!-- suite-Surefire_suite-class-skipped -->
          <div class="suite-Surefire_suite-class-skipped">
            <div class="main-panel-header rounded-window-top">
              <img src="skipped.png"/>
              <span class="class-name">auto.testcases.TestInfiniteScroll</span>
            </div> <!-- main-panel-header rounded-window-top -->
            <div class="main-panel-content rounded-window-bottom">
              <div class="method">
                <div class="method-content">
                  <a name="testFrame">
                  </a> <!-- testFrame -->
                  <span class="method-name">testFrame</span>
                  <div class="stack-trace">java.lang.IllegalStateException: The driver executable does not exist: /Users/aleem/eclipse-workspace/WebFramework/JWAF/drivers/chromedriver
	at com.google.common.base.Preconditions.checkState(Preconditions.java:585)
	at org.openqa.selenium.remote.service.DriverService.checkExecutable(DriverService.java:146)
	at org.openqa.selenium.remote.service.DriverService.findExecutable(DriverService.java:141)
	at org.openqa.selenium.chrome.ChromeDriverService.access$000(ChromeDriverService.java:35)
	at org.openqa.selenium.chrome.ChromeDriverService$Builder.findDefaultExecutable(ChromeDriverService.java:159)
	at org.openqa.selenium.remote.service.DriverService$Builder.build(DriverService.java:355)
	at org.openqa.selenium.chrome.ChromeDriverService.createDefaultService(ChromeDriverService.java:94)
	at org.openqa.selenium.chrome.ChromeDriver.&lt;init&gt;(ChromeDriver.java:123)
	at auto.utility.DriverFactory.getDriver(DriverFactory.java:27)
	at auto.utility.Init.setUp(Init.java:30)
	at java.util.ArrayList.forEach(ArrayList.java:1259)
... Removed 35 stack frames
</div> <!-- stack-trace -->
                </div> <!-- method-content -->
              </div> <!-- method -->
            </div> <!-- main-panel-content rounded-window-bottom -->
          </div> <!-- suite-Surefire_suite-class-skipped -->
          <div class="suite-Surefire_suite-class-skipped">
            <div class="main-panel-header rounded-window-top">
              <img src="skipped.png"/>
              <span class="class-name">auto.testcases.TestFileDownloader</span>
            </div> <!-- main-panel-header rounded-window-top -->
            <div class="main-panel-content rounded-window-bottom">
              <div class="method">
                <div class="method-content">
                  <a name="testFrame">
                  </a> <!-- testFrame -->
                  <span class="method-name">testFrame</span>
                  <div class="stack-trace">java.lang.IllegalStateException: The driver executable does not exist: /Users/aleem/eclipse-workspace/WebFramework/JWAF/drivers/chromedriver
	at com.google.common.base.Preconditions.checkState(Preconditions.java:585)
	at org.openqa.selenium.remote.service.DriverService.checkExecutable(DriverService.java:146)
	at org.openqa.selenium.remote.service.DriverService.findExecutable(DriverService.java:141)
	at org.openqa.selenium.chrome.ChromeDriverService.access$000(ChromeDriverService.java:35)
	at org.openqa.selenium.chrome.ChromeDriverService$Builder.findDefaultExecutable(ChromeDriverService.java:159)
	at org.openqa.selenium.remote.service.DriverService$Builder.build(DriverService.java:355)
	at org.openqa.selenium.chrome.ChromeDriverService.createDefaultService(ChromeDriverService.java:94)
	at org.openqa.selenium.chrome.ChromeDriver.&lt;init&gt;(ChromeDriver.java:123)
	at auto.utility.DriverFactory.getDriver(DriverFactory.java:27)
	at auto.utility.Init.setUp(Init.java:30)
	at java.util.ArrayList.forEach(ArrayList.java:1259)
... Removed 35 stack frames
</div> <!-- stack-trace -->
                </div> <!-- method-content -->
              </div> <!-- method -->
            </div> <!-- main-panel-content rounded-window-bottom -->
          </div> <!-- suite-Surefire_suite-class-skipped -->
          <div class="suite-Surefire_suite-class-skipped">
            <div class="main-panel-header rounded-window-top">
              <img src="skipped.png"/>
              <span class="class-name">auto.testcases.TestKeyPresses</span>
            </div> <!-- main-panel-header rounded-window-top -->
            <div class="main-panel-content rounded-window-bottom">
              <div class="method">
                <div class="method-content">
                  <a name="testKeyPresses">
                  </a> <!-- testKeyPresses -->
                  <span class="method-name">testKeyPresses</span>
                  <div class="stack-trace">java.lang.IllegalStateException: The driver executable does not exist: /Users/aleem/eclipse-workspace/WebFramework/JWAF/drivers/chromedriver
	at com.google.common.base.Preconditions.checkState(Preconditions.java:585)
	at org.openqa.selenium.remote.service.DriverService.checkExecutable(DriverService.java:146)
	at org.openqa.selenium.remote.service.DriverService.findExecutable(DriverService.java:141)
	at org.openqa.selenium.chrome.ChromeDriverService.access$000(ChromeDriverService.java:35)
	at org.openqa.selenium.chrome.ChromeDriverService$Builder.findDefaultExecutable(ChromeDriverService.java:159)
	at org.openqa.selenium.remote.service.DriverService$Builder.build(DriverService.java:355)
	at org.openqa.selenium.chrome.ChromeDriverService.createDefaultService(ChromeDriverService.java:94)
	at org.openqa.selenium.chrome.ChromeDriver.&lt;init&gt;(ChromeDriver.java:123)
	at auto.utility.DriverFactory.getDriver(DriverFactory.java:27)
	at auto.utility.Init.setUp(Init.java:30)
	at java.util.ArrayList.forEach(ArrayList.java:1259)
... Removed 36 stack frames
</div> <!-- stack-trace -->
                </div> <!-- method-content -->
              </div> <!-- method -->
            </div> <!-- main-panel-content rounded-window-bottom -->
          </div> <!-- suite-Surefire_suite-class-skipped -->
          <div class="suite-Surefire_suite-class-skipped">
            <div class="main-panel-header rounded-window-top">
              <img src="skipped.png"/>
              <span class="class-name">auto.testcases.TestDynamicLoadings</span>
            </div> <!-- main-panel-header rounded-window-top -->
            <div class="main-panel-content rounded-window-bottom">
              <div class="method">
                <div class="method-content">
                  <a name="testDynamicLoadingsHidden">
                  </a> <!-- testDynamicLoadingsHidden -->
                  <span class="method-name">testDynamicLoadingsHidden</span>
                  <div class="stack-trace">java.lang.IllegalStateException: The driver executable does not exist: /Users/aleem/eclipse-workspace/WebFramework/JWAF/drivers/chromedriver
	at com.google.common.base.Preconditions.checkState(Preconditions.java:585)
	at org.openqa.selenium.remote.service.DriverService.checkExecutable(DriverService.java:146)
	at org.openqa.selenium.remote.service.DriverService.findExecutable(DriverService.java:141)
	at org.openqa.selenium.chrome.ChromeDriverService.access$000(ChromeDriverService.java:35)
	at org.openqa.selenium.chrome.ChromeDriverService$Builder.findDefaultExecutable(ChromeDriverService.java:159)
	at org.openqa.selenium.remote.service.DriverService$Builder.build(DriverService.java:355)
	at org.openqa.selenium.chrome.ChromeDriverService.createDefaultService(ChromeDriverService.java:94)
	at org.openqa.selenium.chrome.ChromeDriver.&lt;init&gt;(ChromeDriver.java:123)
	at auto.utility.DriverFactory.getDriver(DriverFactory.java:27)
	at auto.utility.Init.setUp(Init.java:30)
	at java.util.ArrayList.forEach(ArrayList.java:1259)
... Removed 35 stack frames
</div> <!-- stack-trace -->
                </div> <!-- method-content -->
              </div> <!-- method -->
              <div class="method">
                <div class="method-content">
                  <a name="testDynamicLoadingsRender">
                  </a> <!-- testDynamicLoadingsRender -->
                  <span class="method-name">testDynamicLoadingsRender</span>
                  <div class="stack-trace">java.lang.IllegalStateException: The driver executable does not exist: /Users/aleem/eclipse-workspace/WebFramework/JWAF/drivers/chromedriver
	at com.google.common.base.Preconditions.checkState(Preconditions.java:585)
	at org.openqa.selenium.remote.service.DriverService.checkExecutable(DriverService.java:146)
	at org.openqa.selenium.remote.service.DriverService.findExecutable(DriverService.java:141)
	at org.openqa.selenium.chrome.ChromeDriverService.access$000(ChromeDriverService.java:35)
	at org.openqa.selenium.chrome.ChromeDriverService$Builder.findDefaultExecutable(ChromeDriverService.java:159)
	at org.openqa.selenium.remote.service.DriverService$Builder.build(DriverService.java:355)
	at org.openqa.selenium.chrome.ChromeDriverService.createDefaultService(ChromeDriverService.java:94)
	at org.openqa.selenium.chrome.ChromeDriver.&lt;init&gt;(ChromeDriver.java:123)
	at auto.utility.DriverFactory.getDriver(DriverFactory.java:27)
	at auto.utility.Init.setUp(Init.java:30)
	at java.util.ArrayList.forEach(ArrayList.java:1259)
... Removed 35 stack frames
</div> <!-- stack-trace -->
                </div> <!-- method-content -->
              </div> <!-- method -->
            </div> <!-- main-panel-content rounded-window-bottom -->
          </div> <!-- suite-Surefire_suite-class-skipped -->
          <div class="suite-Surefire_suite-class-skipped">
            <div class="main-panel-header rounded-window-top">
              <img src="skipped.png"/>
              <span class="class-name">auto.testcases.TestWelcomePage</span>
            </div> <!-- main-panel-header rounded-window-top -->
            <div class="main-panel-content rounded-window-bottom">
              <div class="method">
                <div class="method-content">
                  <a name="testWelcomePage">
                  </a> <!-- testWelcomePage -->
                  <span class="method-name">testWelcomePage</span>
                  <div class="stack-trace">java.lang.IllegalStateException: The driver executable does not exist: /Users/aleem/eclipse-workspace/WebFramework/JWAF/drivers/chromedriver
	at com.google.common.base.Preconditions.checkState(Preconditions.java:585)
	at org.openqa.selenium.remote.service.DriverService.checkExecutable(DriverService.java:146)
	at org.openqa.selenium.remote.service.DriverService.findExecutable(DriverService.java:141)
	at org.openqa.selenium.chrome.ChromeDriverService.access$000(ChromeDriverService.java:35)
	at org.openqa.selenium.chrome.ChromeDriverService$Builder.findDefaultExecutable(ChromeDriverService.java:159)
	at org.openqa.selenium.remote.service.DriverService$Builder.build(DriverService.java:355)
	at org.openqa.selenium.chrome.ChromeDriverService.createDefaultService(ChromeDriverService.java:94)
	at org.openqa.selenium.chrome.ChromeDriver.&lt;init&gt;(ChromeDriver.java:123)
	at auto.utility.DriverFactory.getDriver(DriverFactory.java:27)
	at auto.utility.Init.setUp(Init.java:30)
	at java.util.ArrayList.forEach(ArrayList.java:1259)
... Removed 35 stack frames
</div> <!-- stack-trace -->
                </div> <!-- method-content -->
              </div> <!-- method -->
            </div> <!-- main-panel-content rounded-window-bottom -->
          </div> <!-- suite-Surefire_suite-class-skipped -->
          <div class="suite-Surefire_suite-class-skipped">
            <div class="main-panel-header rounded-window-top">
              <img src="skipped.png"/>
              <span class="class-name">auto.testcases.TestLargeDeepDOM</span>
            </div> <!-- main-panel-header rounded-window-top -->
            <div class="main-panel-content rounded-window-bottom">
              <div class="method">
                <div class="method-content">
                  <a name="testLargeDeepDOM">
                  </a> <!-- testLargeDeepDOM -->
                  <span class="method-name">testLargeDeepDOM</span>
                  <div class="stack-trace">java.lang.IllegalStateException: The driver executable does not exist: /Users/aleem/eclipse-workspace/WebFramework/JWAF/drivers/chromedriver
	at com.google.common.base.Preconditions.checkState(Preconditions.java:585)
	at org.openqa.selenium.remote.service.DriverService.checkExecutable(DriverService.java:146)
	at org.openqa.selenium.remote.service.DriverService.findExecutable(DriverService.java:141)
	at org.openqa.selenium.chrome.ChromeDriverService.access$000(ChromeDriverService.java:35)
	at org.openqa.selenium.chrome.ChromeDriverService$Builder.findDefaultExecutable(ChromeDriverService.java:159)
	at org.openqa.selenium.remote.service.DriverService$Builder.build(DriverService.java:355)
	at org.openqa.selenium.chrome.ChromeDriverService.createDefaultService(ChromeDriverService.java:94)
	at org.openqa.selenium.chrome.ChromeDriver.&lt;init&gt;(ChromeDriver.java:123)
	at auto.utility.DriverFactory.getDriver(DriverFactory.java:27)
	at auto.utility.Init.setUp(Init.java:30)
	at java.util.ArrayList.forEach(ArrayList.java:1259)
... Removed 35 stack frames
</div> <!-- stack-trace -->
                </div> <!-- method-content -->
              </div> <!-- method -->
            </div> <!-- main-panel-content rounded-window-bottom -->
          </div> <!-- suite-Surefire_suite-class-skipped -->
          <div class="suite-Surefire_suite-class-skipped">
            <div class="main-panel-header rounded-window-top">
              <img src="skipped.png"/>
              <span class="class-name">auto.testcases.TestHorizontalSlider</span>
            </div> <!-- main-panel-header rounded-window-top -->
            <div class="main-panel-content rounded-window-bottom">
              <div class="method">
                <div class="method-content">
                  <a name="testFrame">
                  </a> <!-- testFrame -->
                  <span class="method-name">testFrame</span>
                  <div class="stack-trace">java.lang.IllegalStateException: The driver executable does not exist: /Users/aleem/eclipse-workspace/WebFramework/JWAF/drivers/chromedriver
	at com.google.common.base.Preconditions.checkState(Preconditions.java:585)
	at org.openqa.selenium.remote.service.DriverService.checkExecutable(DriverService.java:146)
	at org.openqa.selenium.remote.service.DriverService.findExecutable(DriverService.java:141)
	at org.openqa.selenium.chrome.ChromeDriverService.access$000(ChromeDriverService.java:35)
	at org.openqa.selenium.chrome.ChromeDriverService$Builder.findDefaultExecutable(ChromeDriverService.java:159)
	at org.openqa.selenium.remote.service.DriverService$Builder.build(DriverService.java:355)
	at org.openqa.selenium.chrome.ChromeDriverService.createDefaultService(ChromeDriverService.java:94)
	at org.openqa.selenium.chrome.ChromeDriver.&lt;init&gt;(ChromeDriver.java:123)
	at auto.utility.DriverFactory.getDriver(DriverFactory.java:27)
	at auto.utility.Init.setUp(Init.java:30)
	at java.util.ArrayList.forEach(ArrayList.java:1259)
... Removed 35 stack frames
</div> <!-- stack-trace -->
                </div> <!-- method-content -->
              </div> <!-- method -->
            </div> <!-- main-panel-content rounded-window-bottom -->
          </div> <!-- suite-Surefire_suite-class-skipped -->
          <div class="suite-Surefire_suite-class-skipped">
            <div class="main-panel-header rounded-window-top">
              <img src="skipped.png"/>
              <span class="class-name">auto.testcases.TestDropdownPage</span>
            </div> <!-- main-panel-header rounded-window-top -->
            <div class="main-panel-content rounded-window-bottom">
              <div class="method">
                <div class="method-content">
                  <a name="testDropdownPage">
                  </a> <!-- testDropdownPage -->
                  <span class="method-name">testDropdownPage</span>
                  <div class="stack-trace">java.lang.IllegalStateException: The driver executable does not exist: /Users/aleem/eclipse-workspace/WebFramework/JWAF/drivers/chromedriver
	at com.google.common.base.Preconditions.checkState(Preconditions.java:585)
	at org.openqa.selenium.remote.service.DriverService.checkExecutable(DriverService.java:146)
	at org.openqa.selenium.remote.service.DriverService.findExecutable(DriverService.java:141)
	at org.openqa.selenium.chrome.ChromeDriverService.access$000(ChromeDriverService.java:35)
	at org.openqa.selenium.chrome.ChromeDriverService$Builder.findDefaultExecutable(ChromeDriverService.java:159)
	at org.openqa.selenium.remote.service.DriverService$Builder.build(DriverService.java:355)
	at org.openqa.selenium.chrome.ChromeDriverService.createDefaultService(ChromeDriverService.java:94)
	at org.openqa.selenium.chrome.ChromeDriver.&lt;init&gt;(ChromeDriver.java:123)
	at auto.utility.DriverFactory.getDriver(DriverFactory.java:27)
	at auto.utility.Init.setUp(Init.java:30)
	at java.util.ArrayList.forEach(ArrayList.java:1259)
... Removed 36 stack frames
</div> <!-- stack-trace -->
                </div> <!-- method-content -->
              </div> <!-- method -->
            </div> <!-- main-panel-content rounded-window-bottom -->
          </div> <!-- suite-Surefire_suite-class-skipped -->
          <div class="suite-Surefire_suite-class-skipped">
            <div class="main-panel-header rounded-window-top">
              <img src="skipped.png"/>
              <span class="class-name">auto.testcases.TestFileUploader</span>
            </div> <!-- main-panel-header rounded-window-top -->
            <div class="main-panel-content rounded-window-bottom">
              <div class="method">
                <div class="method-content">
                  <a name="testFrame">
                  </a> <!-- testFrame -->
                  <span class="method-name">testFrame</span>
                  <div class="stack-trace">java.lang.IllegalStateException: The driver executable does not exist: /Users/aleem/eclipse-workspace/WebFramework/JWAF/drivers/chromedriver
	at com.google.common.base.Preconditions.checkState(Preconditions.java:585)
	at org.openqa.selenium.remote.service.DriverService.checkExecutable(DriverService.java:146)
	at org.openqa.selenium.remote.service.DriverService.findExecutable(DriverService.java:141)
	at org.openqa.selenium.chrome.ChromeDriverService.access$000(ChromeDriverService.java:35)
	at org.openqa.selenium.chrome.ChromeDriverService$Builder.findDefaultExecutable(ChromeDriverService.java:159)
	at org.openqa.selenium.remote.service.DriverService$Builder.build(DriverService.java:355)
	at org.openqa.selenium.chrome.ChromeDriverService.createDefaultService(ChromeDriverService.java:94)
	at org.openqa.selenium.chrome.ChromeDriver.&lt;init&gt;(ChromeDriver.java:123)
	at auto.utility.DriverFactory.getDriver(DriverFactory.java:27)
	at auto.utility.Init.setUp(Init.java:30)
	at java.util.ArrayList.forEach(ArrayList.java:1259)
... Removed 35 stack frames
</div> <!-- stack-trace -->
                </div> <!-- method-content -->
              </div> <!-- method -->
            </div> <!-- main-panel-content rounded-window-bottom -->
          </div> <!-- suite-Surefire_suite-class-skipped -->
          <div class="suite-Surefire_suite-class-skipped">
            <div class="main-panel-header rounded-window-top">
              <img src="skipped.png"/>
              <span class="class-name">auto.testcases.TestCheckboxPage</span>
            </div> <!-- main-panel-header rounded-window-top -->
            <div class="main-panel-content rounded-window-bottom">
              <div class="method">
                <div class="method-content">
                  <a name="testCheckboxPage">
                  </a> <!-- testCheckboxPage -->
                  <span class="method-name">testCheckboxPage</span>
                  <div class="stack-trace">java.lang.IllegalStateException: The driver executable does not exist: /Users/aleem/eclipse-workspace/WebFramework/JWAF/drivers/chromedriver
	at com.google.common.base.Preconditions.checkState(Preconditions.java:585)
	at org.openqa.selenium.remote.service.DriverService.checkExecutable(DriverService.java:146)
	at org.openqa.selenium.remote.service.DriverService.findExecutable(DriverService.java:141)
	at org.openqa.selenium.chrome.ChromeDriverService.access$000(ChromeDriverService.java:35)
	at org.openqa.selenium.chrome.ChromeDriverService$Builder.findDefaultExecutable(ChromeDriverService.java:159)
	at org.openqa.selenium.remote.service.DriverService$Builder.build(DriverService.java:355)
	at org.openqa.selenium.chrome.ChromeDriverService.createDefaultService(ChromeDriverService.java:94)
	at org.openqa.selenium.chrome.ChromeDriver.&lt;init&gt;(ChromeDriver.java:123)
	at auto.utility.DriverFactory.getDriver(DriverFactory.java:27)
	at auto.utility.Init.setUp(Init.java:30)
	at java.util.ArrayList.forEach(ArrayList.java:1259)
... Removed 36 stack frames
</div> <!-- stack-trace -->
                </div> <!-- method-content -->
              </div> <!-- method -->
              <div class="method">
                <div class="method-content">
                  <a name="testCheckboxViaSmartWay">
                  </a> <!-- testCheckboxViaSmartWay -->
                  <span class="method-name">testCheckboxViaSmartWay</span>
                  <div class="stack-trace">java.lang.IllegalStateException: The driver executable does not exist: /Users/aleem/eclipse-workspace/WebFramework/JWAF/drivers/chromedriver
	at com.google.common.base.Preconditions.checkState(Preconditions.java:585)
	at org.openqa.selenium.remote.service.DriverService.checkExecutable(DriverService.java:146)
	at org.openqa.selenium.remote.service.DriverService.findExecutable(DriverService.java:141)
	at org.openqa.selenium.chrome.ChromeDriverService.access$000(ChromeDriverService.java:35)
	at org.openqa.selenium.chrome.ChromeDriverService$Builder.findDefaultExecutable(ChromeDriverService.java:159)
	at org.openqa.selenium.remote.service.DriverService$Builder.build(DriverService.java:355)
	at org.openqa.selenium.chrome.ChromeDriverService.createDefaultService(ChromeDriverService.java:94)
	at org.openqa.selenium.chrome.ChromeDriver.&lt;init&gt;(ChromeDriver.java:123)
	at auto.utility.DriverFactory.getDriver(DriverFactory.java:27)
	at auto.utility.Init.setUp(Init.java:30)
	at java.util.ArrayList.forEach(ArrayList.java:1259)
... Removed 35 stack frames
</div> <!-- stack-trace -->
                </div> <!-- method-content -->
              </div> <!-- method -->
              <div class="method">
                <div class="method-content">
                  <a name="testToSelectAllCheckboxes">
                  </a> <!-- testToSelectAllCheckboxes -->
                  <span class="method-name">testToSelectAllCheckboxes</span>
                  <div class="stack-trace">java.lang.IllegalStateException: The driver executable does not exist: /Users/aleem/eclipse-workspace/WebFramework/JWAF/drivers/chromedriver
	at com.google.common.base.Preconditions.checkState(Preconditions.java:585)
	at org.openqa.selenium.remote.service.DriverService.checkExecutable(DriverService.java:146)
	at org.openqa.selenium.remote.service.DriverService.findExecutable(DriverService.java:141)
	at org.openqa.selenium.chrome.ChromeDriverService.access$000(ChromeDriverService.java:35)
	at org.openqa.selenium.chrome.ChromeDriverService$Builder.findDefaultExecutable(ChromeDriverService.java:159)
	at org.openqa.selenium.remote.service.DriverService$Builder.build(DriverService.java:355)
	at org.openqa.selenium.chrome.ChromeDriverService.createDefaultService(ChromeDriverService.java:94)
	at org.openqa.selenium.chrome.ChromeDriver.&lt;init&gt;(ChromeDriver.java:123)
	at auto.utility.DriverFactory.getDriver(DriverFactory.java:27)
	at auto.utility.Init.setUp(Init.java:30)
	at java.util.ArrayList.forEach(ArrayList.java:1259)
... Removed 35 stack frames
</div> <!-- stack-trace -->
                </div> <!-- method-content -->
              </div> <!-- method -->
            </div> <!-- main-panel-content rounded-window-bottom -->
          </div> <!-- suite-Surefire_suite-class-skipped -->
        </div> <!-- panel Surefire_suite -->
        <div panel-name="test-xml-Surefire_suite" class="panel">
          <div class="main-panel-header rounded-window-top">
          </div> <!-- main-panel-header rounded-window-top -->
          <div class="main-panel-content rounded-window-bottom">
            <pre>
&lt;?xml version=&quot;1.0&quot; encoding=&quot;UTF-8&quot;?&gt;
&lt;!DOCTYPE suite SYSTEM &quot;https://testng.org/testng-1.0.dtd&quot;&gt;
&lt;suite thread-count=&quot;1&quot; verbose=&quot;0&quot; name=&quot;Surefire suite&quot;&gt;
  &lt;test thread-count=&quot;1&quot; verbose=&quot;0&quot; name=&quot;Surefire test&quot;&gt;
    &lt;classes&gt;
      &lt;class name=&quot;auto.testcases.TestChallengingDomPage&quot;/&gt;
      &lt;class name=&quot;auto.testcases.TestLogin&quot;/&gt;
      &lt;class name=&quot;auto.testcases.TestHover&quot;/&gt;
      &lt;class name=&quot;auto.testcases.TestDropdownPage&quot;/&gt;
      &lt;class name=&quot;auto.testcases.TestKeyPresses&quot;/&gt;
      &lt;class name=&quot;auto.testcases.TestAlert&quot;/&gt;
      &lt;class name=&quot;auto.testcases.TestBasicAuth&quot;/&gt;
      &lt;class name=&quot;auto.testcases.TestCheckboxPage&quot;/&gt;
      &lt;class name=&quot;auto.testcases.TestInfiniteScroll&quot;/&gt;
      &lt;class name=&quot;auto.testcases.TestDisappearingElementsPage&quot;/&gt;
      &lt;class name=&quot;auto.testcases.TestDynamicLoadings&quot;/&gt;
      &lt;class name=&quot;auto.testcases.TestWelcomePage&quot;/&gt;
      &lt;class name=&quot;auto.testcases.TestLargeDeepDOM&quot;/&gt;
      &lt;class name=&quot;auto.testcases.TestFileUploader&quot;/&gt;
      &lt;class name=&quot;auto.testcases.TestMultipleWindows&quot;/&gt;
      &lt;class name=&quot;auto.testcases.TestContextMenuPage&quot;/&gt;
      &lt;class name=&quot;auto.testcases.TestDragAndDrop&quot;/&gt;
      &lt;class name=&quot;auto.testcases.TestDynamicControls&quot;/&gt;
      &lt;class name=&quot;auto.testcases.TestFrame&quot;/&gt;
      &lt;class name=&quot;auto.testcases.TestHorizontalSlider&quot;/&gt;
      &lt;class name=&quot;auto.testcases.TestFileDownloader&quot;/&gt;
    &lt;/classes&gt;
  &lt;/test&gt; &lt;!-- Surefire test --&gt;
&lt;/suite&gt; &lt;!-- Surefire suite --&gt;
            </pre>
          </div> <!-- main-panel-content rounded-window-bottom -->
        </div> <!-- panel -->
        <div panel-name="testlist-Surefire_suite" class="panel">
          <div class="main-panel-header rounded-window-top">
            <span class="header-content">Tests for Surefire suite</span>
          </div> <!-- main-panel-header rounded-window-top -->
          <div class="main-panel-content rounded-window-bottom">
            <ul>
              <li>
                <span class="test-name">Surefire test (21 classes)</span>
              </li>
            </ul>
          </div> <!-- main-panel-content rounded-window-bottom -->
        </div> <!-- panel -->
        <div panel-name="group-Surefire_suite" class="panel">
          <div class="main-panel-header rounded-window-top">
            <span class="header-content">Groups for Surefire suite</span>
          </div> <!-- main-panel-header rounded-window-top -->
          <div class="main-panel-content rounded-window-bottom">
            <div class="test-group">
              <span class="test-group-name">alert</span>
              <br/>
              <div class="method-in-group">
                <span class="method-in-group-name">testClickForJSPrompt</span>
                <br/>
              </div> <!-- method-in-group -->
            </div> <!-- test-group -->
            <div class="test-group">
              <span class="test-group-name">regression</span>
              <br/>
              <div class="method-in-group">
                <span class="method-in-group-name">testClickForJSAlert</span>
                <br/>
              </div> <!-- method-in-group -->
              <div class="method-in-group">
                <span class="method-in-group-name">testClickForJSConfirm</span>
                <br/>
              </div> <!-- method-in-group -->
            </div> <!-- test-group -->
            <div class="test-group">
              <span class="test-group-name">smoke</span>
              <br/>
              <div class="method-in-group">
                <span class="method-in-group-name">testClickForJSAlert</span>
                <br/>
              </div> <!-- method-in-group -->
            </div> <!-- test-group -->
          </div> <!-- main-panel-content rounded-window-bottom -->
        </div> <!-- panel -->
        <div panel-name="times-Surefire_suite" class="panel">
          <div class="main-panel-header rounded-window-top">
            <span class="header-content">Times for Surefire suite</span>
          </div> <!-- main-panel-header rounded-window-top -->
          <div class="main-panel-content rounded-window-bottom">
            <div class="times-div">
              <script type="text/javascript">
suiteTableInitFunctions.push('tableData_Surefire_suite');
function tableData_Surefire_suite() {
var data = new google.visualization.DataTable();
data.addColumn('number', 'Number');
data.addColumn('string', 'Method');
data.addColumn('string', 'Class');
data.addColumn('number', 'Time (ms)');
data.addRows(34);
data.setCell(0, 0, 0)
data.setCell(0, 1, 'testChallengingPageViaJava8')
data.setCell(0, 2, 'auto.testcases.TestChallengingDomPage')
data.setCell(0, 3, 0);
data.setCell(1, 0, 1)
data.setCell(1, 1, 'testDynamicControlsRemove')
data.setCell(1, 2, 'auto.testcases.TestDynamicControls')
data.setCell(1, 3, 0);
data.setCell(2, 0, 2)
data.setCell(2, 1, 'testDynamicLoadingsHidden')
data.setCell(2, 2, 'auto.testcases.TestDynamicLoadings')
data.setCell(2, 3, 0);
data.setCell(3, 0, 3)
data.setCell(3, 1, 'testDynamicLoadingsRender')
data.setCell(3, 2, 'auto.testcases.TestDynamicLoadings')
data.setCell(3, 3, 0);
data.setCell(4, 0, 4)
data.setCell(4, 1, 'testChallengingPage')
data.setCell(4, 2, 'auto.testcases.TestContextMenuPage')
data.setCell(4, 3, 0);
data.setCell(5, 0, 5)
data.setCell(5, 1, 'testLoginUsingCssSelector')
data.setCell(5, 2, 'auto.testcases.TestLogin')
data.setCell(5, 3, 0);
data.setCell(6, 0, 6)
data.setCell(6, 1, 'testChallengingPage')
data.setCell(6, 2, 'auto.testcases.TestChallengingDomPage')
data.setCell(6, 3, 0);
data.setCell(7, 0, 7)
data.setCell(7, 1, 'testDropdownPage')
data.setCell(7, 2, 'auto.testcases.TestDropdownPage')
data.setCell(7, 3, 0);
data.setCell(8, 0, 8)
data.setCell(8, 1, 'testClickForJSAlert')
data.setCell(8, 2, 'auto.testcases.TestAlert')
data.setCell(8, 3, 0);
data.setCell(9, 0, 9)
data.setCell(9, 1, 'testClickForJSPrompt')
data.setCell(9, 2, 'auto.testcases.TestAlert')
data.setCell(9, 3, 0);
data.setCell(10, 0, 10)
data.setCell(10, 1, 'testLoginWithInvalidUser')
data.setCell(10, 2, 'auto.testcases.TestLogin')
data.setCell(10, 3, 0);
data.setCell(11, 0, 11)
data.setCell(11, 1, 'testToSelectAllCheckboxes')
data.setCell(11, 2, 'auto.testcases.TestCheckboxPage')
data.setCell(11, 3, 0);
data.setCell(12, 0, 12)
data.setCell(12, 1, 'testFrame')
data.setCell(12, 2, 'auto.testcases.TestInfiniteScroll')
data.setCell(12, 3, 0);
data.setCell(13, 0, 13)
data.setCell(13, 1, 'testFrame')
data.setCell(13, 2, 'auto.testcases.TestMultipleWindows')
data.setCell(13, 3, 0);
data.setCell(14, 0, 14)
data.setCell(14, 1, 'testFrame')
data.setCell(14, 2, 'auto.testcases.TestFileUploader')
data.setCell(14, 3, 0);
data.setCell(15, 0, 15)
data.setCell(15, 1, 'testDynamicControlsAdd')
data.setCell(15, 2, 'auto.testcases.TestDynamicControls')
data.setCell(15, 3, 0);
data.setCell(16, 0, 16)
data.setCell(16, 1, 'testLoginByJava8Way')
data.setCell(16, 2, 'auto.testcases.TestLogin')
data.setCell(16, 3, 0);
data.setCell(17, 0, 17)
data.setCell(17, 1, 'testCellText')
data.setCell(17, 2, 'auto.testcases.TestChallengingDomPage')
data.setCell(17, 3, 0);
data.setCell(18, 0, 18)
data.setCell(18, 1, 'testDragAndDrop')
data.setCell(18, 2, 'auto.testcases.TestDragAndDrop')
data.setCell(18, 3, 0);
data.setCell(19, 0, 19)
data.setCell(19, 1, 'testFrame')
data.setCell(19, 2, 'auto.testcases.TestHorizontalSlider')
data.setCell(19, 3, 0);
data.setCell(20, 0, 20)
data.setCell(20, 1, 'testFrame')
data.setCell(20, 2, 'auto.testcases.TestHover')
data.setCell(20, 3, 0);
data.setCell(21, 0, 21)
data.setCell(21, 1, 'testLargeDeepDOM')
data.setCell(21, 2, 'auto.testcases.TestLargeDeepDOM')
data.setCell(21, 3, 0);
data.setCell(22, 0, 22)
data.setCell(22, 1, 'testIFrame')
data.setCell(22, 2, 'auto.testcases.TestFrame')
data.setCell(22, 3, 0);
data.setCell(23, 0, 23)
data.setCell(23, 1, 'testFrame')
data.setCell(23, 2, 'auto.testcases.TestFrame')
data.setCell(23, 3, 0);
data.setCell(24, 0, 24)
data.setCell(24, 1, 'testFrame')
data.setCell(24, 2, 'auto.testcases.TestFileDownloader')
data.setCell(24, 3, 0);
data.setCell(25, 0, 25)
data.setCell(25, 1, 'testListOfButtons')
data.setCell(25, 2, 'auto.testcases.TestChallengingDomPage')
data.setCell(25, 3, 0);
data.setCell(26, 0, 26)
data.setCell(26, 1, 'testCheckboxViaSmartWay')
data.setCell(26, 2, 'auto.testcases.TestCheckboxPage')
data.setCell(26, 3, 0);
data.setCell(27, 0, 27)
data.setCell(27, 1, 'testBasicAuth')
data.setCell(27, 2, 'auto.testcases.TestBasicAuth')
data.setCell(27, 3, 0);
data.setCell(28, 0, 28)
data.setCell(28, 1, 'testCheckboxPage')
data.setCell(28, 2, 'auto.testcases.TestCheckboxPage')
data.setCell(28, 3, 0);
data.setCell(29, 0, 29)
data.setCell(29, 1, 'testLoginUsingXpath')
data.setCell(29, 2, 'auto.testcases.TestLogin')
data.setCell(29, 3, 0);
data.setCell(30, 0, 30)
data.setCell(30, 1, 'testClickForJSConfirm')
data.setCell(30, 2, 'auto.testcases.TestAlert')
data.setCell(30, 3, 0);
data.setCell(31, 0, 31)
data.setCell(31, 1, 'testKeyPresses')
data.setCell(31, 2, 'auto.testcases.TestKeyPresses')
data.setCell(31, 3, 0);
data.setCell(32, 0, 32)
data.setCell(32, 1, 'testChallengingPage')
data.setCell(32, 2, 'auto.testcases.TestDisappearingElementsPage')
data.setCell(32, 3, 0);
data.setCell(33, 0, 33)
data.setCell(33, 1, 'testWelcomePage')
data.setCell(33, 2, 'auto.testcases.TestWelcomePage')
data.setCell(33, 3, 0);
window.suiteTableData['Surefire_suite']= { tableData: data, tableDiv: 'times-div-Surefire_suite'}
return data;
}
              </script>
              <span class="suite-total-time">Total running time: 0 ms</span>
              <div id="times-div-Surefire_suite">
              </div> <!-- times-div-Surefire_suite -->
            </div> <!-- times-div -->
          </div> <!-- main-panel-content rounded-window-bottom -->
        </div> <!-- panel -->
        <div panel-name="reporter-Surefire_suite" class="panel">
          <div class="main-panel-header rounded-window-top">
            <span class="header-content">Reporter output for Surefire suite</span>
          </div> <!-- main-panel-header rounded-window-top -->
          <div class="main-panel-content rounded-window-bottom">
          </div> <!-- main-panel-content rounded-window-bottom -->
        </div> <!-- panel -->
        <div panel-name="ignored-methods-Surefire_suite" class="panel">
          <div class="main-panel-header rounded-window-top">
            <span class="header-content">0 ignored methods</span>
          </div> <!-- main-panel-header rounded-window-top -->
          <div class="main-panel-content rounded-window-bottom">
          </div> <!-- main-panel-content rounded-window-bottom -->
        </div> <!-- panel -->
        <div panel-name="chronological-Surefire_suite" class="panel">
          <div class="main-panel-header rounded-window-top">
            <span class="header-content">Methods in chronological order</span>
          </div> <!-- main-panel-header rounded-window-top -->
          <div class="main-panel-content rounded-window-bottom">
            <div class="chronological-class">
              <div class="chronological-class-name">auto.testcases.TestChallengingDomPage</div> <!-- chronological-class-name -->
              <div class="configuration-method before">
                <img src="failed.png">
                </img>
                <span class="method-name">setUp</span>
                <span class="method-start">0 ms</span>
              </div> <!-- configuration-method before -->
              <div class="test-method">
                <span class="method-name">testCellText</span>
                <span class="method-start">98 ms</span>
              </div> <!-- test-method -->
              <div class="configuration-method after">
                <span class="method-name">teardown</span>
                <span class="method-start">102 ms</span>
              </div> <!-- configuration-method after -->
              <div class="configuration-method before">
                <img src="failed.png">
                </img>
                <span class="method-name">setUp</span>
                <span class="method-start">106 ms</span>
              </div> <!-- configuration-method before -->
              <div class="test-method">
                <span class="method-name">testChallengingPage</span>
                <span class="method-start">108 ms</span>
              </div> <!-- test-method -->
              <div class="configuration-method after">
                <span class="method-name">teardown</span>
                <span class="method-start">108 ms</span>
              </div> <!-- configuration-method after -->
              <div class="configuration-method before">
                <img src="failed.png">
                </img>
                <span class="method-name">setUp</span>
                <span class="method-start">109 ms</span>
              </div> <!-- configuration-method before -->
              <div class="test-method">
                <span class="method-name">testChallengingPageViaJava8</span>
                <span class="method-start">110 ms</span>
              </div> <!-- test-method -->
              <div class="configuration-method after">
                <span class="method-name">teardown</span>
                <span class="method-start">110 ms</span>
              </div> <!-- configuration-method after -->
              <div class="configuration-method before">
                <img src="failed.png">
                </img>
                <span class="method-name">setUp</span>
                <span class="method-start">111 ms</span>
              </div> <!-- configuration-method before -->
              <div class="test-method">
                <span class="method-name">testListOfButtons</span>
                <span class="method-start">111 ms</span>
              </div> <!-- test-method -->
              <div class="configuration-method after">
                <span class="method-name">teardown</span>
                <span class="method-start">112 ms</span>
              </div> <!-- configuration-method after -->
            </div> <!-- chronological-class -->
            <div class="chronological-class">
              <div class="chronological-class-name">auto.testcases.TestLogin</div> <!-- chronological-class-name -->
              <div class="configuration-method before">
                <img src="failed.png">
                </img>
                <span class="method-name">setUp</span>
                <span class="method-start">131 ms</span>
              </div> <!-- configuration-method before -->
              <div class="test-method">
                <span class="method-name">testLoginByJava8Way</span>
                <span class="method-start">133 ms</span>
              </div> <!-- test-method -->
              <div class="configuration-method after">
                <span class="method-name">teardown</span>
                <span class="method-start">133 ms</span>
              </div> <!-- configuration-method after -->
              <div class="configuration-method before">
                <img src="failed.png">
                </img>
                <span class="method-name">setUp</span>
                <span class="method-start">136 ms</span>
              </div> <!-- configuration-method before -->
              <div class="test-method">
                <span class="method-name">testLoginUsingCssSelector</span>
                <span class="method-start">138 ms</span>
              </div> <!-- test-method -->
              <div class="configuration-method after">
                <span class="method-name">teardown</span>
                <span class="method-start">138 ms</span>
              </div> <!-- configuration-method after -->
              <div class="configuration-method before">
                <img src="failed.png">
                </img>
                <span class="method-name">setUp</span>
                <span class="method-start">141 ms</span>
              </div> <!-- configuration-method before -->
              <div class="test-method">
                <span class="method-name">testLoginUsingXpath</span>
                <span class="method-start">143 ms</span>
              </div> <!-- test-method -->
              <div class="configuration-method after">
                <span class="method-name">teardown</span>
                <span class="method-start">143 ms</span>
              </div> <!-- configuration-method after -->
              <div class="configuration-method before">
                <img src="failed.png">
                </img>
                <span class="method-name">setUp</span>
                <span class="method-start">144 ms</span>
              </div> <!-- configuration-method before -->
              <div class="test-method">
                <span class="method-name">testLoginWithInvalidUser</span>
                <span class="method-start">146 ms</span>
              </div> <!-- test-method -->
              <div class="configuration-method after">
                <span class="method-name">teardown</span>
                <span class="method-start">146 ms</span>
              </div> <!-- configuration-method after -->
            </div> <!-- chronological-class -->
            <div class="chronological-class">
              <div class="chronological-class-name">auto.testcases.TestHover</div> <!-- chronological-class-name -->
              <div class="configuration-method before">
                <img src="failed.png">
                </img>
                <span class="method-name">setUp</span>
                <span class="method-start">147 ms</span>
              </div> <!-- configuration-method before -->
              <div class="test-method">
                <span class="method-name">testFrame</span>
                <span class="method-start">148 ms</span>
              </div> <!-- test-method -->
              <div class="configuration-method after">
                <span class="method-name">teardown</span>
                <span class="method-start">148 ms</span>
              </div> <!-- configuration-method after -->
            </div> <!-- chronological-class -->
            <div class="chronological-class">
              <div class="chronological-class-name">auto.testcases.TestDropdownPage</div> <!-- chronological-class-name -->
              <div class="configuration-method before">
                <img src="failed.png">
                </img>
                <span class="method-name">setUp</span>
                <span class="method-start">149 ms</span>
              </div> <!-- configuration-method before -->
              <div class="test-method">
                <span class="method-name">testDropdownPage</span>
                <span class="method-start">150 ms</span>
              </div> <!-- test-method -->
              <div class="configuration-method after">
                <span class="method-name">teardown</span>
                <span class="method-start">151 ms</span>
              </div> <!-- configuration-method after -->
            </div> <!-- chronological-class -->
            <div class="chronological-class">
              <div class="chronological-class-name">auto.testcases.TestKeyPresses</div> <!-- chronological-class-name -->
              <div class="configuration-method before">
                <img src="failed.png">
                </img>
                <span class="method-name">setUp</span>
                <span class="method-start">152 ms</span>
              </div> <!-- configuration-method before -->
              <div class="test-method">
                <span class="method-name">testKeyPresses</span>
                <span class="method-start">154 ms</span>
              </div> <!-- test-method -->
              <div class="configuration-method after">
                <span class="method-name">teardown</span>
                <span class="method-start">154 ms</span>
              </div> <!-- configuration-method after -->
            </div> <!-- chronological-class -->
            <div class="chronological-class">
              <div class="chronological-class-name">auto.testcases.TestAlert</div> <!-- chronological-class-name -->
              <div class="configuration-method before">
                <img src="failed.png">
                </img>
                <span class="method-name">setUp</span>
                <span class="method-start">155 ms</span>
              </div> <!-- configuration-method before -->
              <div class="test-method">
                <span class="method-name">testClickForJSAlert</span>
                <span class="method-start">156 ms</span>
              </div> <!-- test-method -->
              <div class="configuration-method after">
                <span class="method-name">teardown</span>
                <span class="method-start">156 ms</span>
              </div> <!-- configuration-method after -->
              <div class="configuration-method before">
                <img src="failed.png">
                </img>
                <span class="method-name">setUp</span>
                <span class="method-start">159 ms</span>
              </div> <!-- configuration-method before -->
              <div class="test-method">
                <span class="method-name">testClickForJSConfirm</span>
                <span class="method-start">161 ms</span>
              </div> <!-- test-method -->
              <div class="configuration-method after">
                <span class="method-name">teardown</span>
                <span class="method-start">161 ms</span>
              </div> <!-- configuration-method after -->
              <div class="configuration-method before">
                <img src="failed.png">
                </img>
                <span class="method-name">setUp</span>
                <span class="method-start">162 ms</span>
              </div> <!-- configuration-method before -->
              <div class="test-method">
                <span class="method-name">testClickForJSPrompt</span>
                <span class="method-start">164 ms</span>
              </div> <!-- test-method -->
              <div class="configuration-method after">
                <span class="method-name">teardown</span>
                <span class="method-start">164 ms</span>
              </div> <!-- configuration-method after -->
            </div> <!-- chronological-class -->
            <div class="chronological-class">
              <div class="chronological-class-name">auto.testcases.TestBasicAuth</div> <!-- chronological-class-name -->
              <div class="configuration-method before">
                <img src="failed.png">
                </img>
                <span class="method-name">setUp</span>
                <span class="method-start">165 ms</span>
              </div> <!-- configuration-method before -->
              <div class="test-method">
                <span class="method-name">testBasicAuth</span>
                <span class="method-start">167 ms</span>
              </div> <!-- test-method -->
              <div class="configuration-method after">
                <span class="method-name">teardown</span>
                <span class="method-start">168 ms</span>
              </div> <!-- configuration-method after -->
            </div> <!-- chronological-class -->
            <div class="chronological-class">
              <div class="chronological-class-name">auto.testcases.TestCheckboxPage</div> <!-- chronological-class-name -->
              <div class="configuration-method before">
                <img src="failed.png">
                </img>
                <span class="method-name">setUp</span>
                <span class="method-start">169 ms</span>
              </div> <!-- configuration-method before -->
              <div class="test-method">
                <span class="method-name">testCheckboxPage</span>
                <span class="method-start">171 ms</span>
              </div> <!-- test-method -->
              <div class="configuration-method after">
                <span class="method-name">teardown</span>
                <span class="method-start">171 ms</span>
              </div> <!-- configuration-method after -->
              <div class="configuration-method before">
                <img src="failed.png">
                </img>
                <span class="method-name">setUp</span>
                <span class="method-start">172 ms</span>
              </div> <!-- configuration-method before -->
              <div class="test-method">
                <span class="method-name">testCheckboxViaSmartWay</span>
                <span class="method-start">174 ms</span>
              </div> <!-- test-method -->
              <div class="configuration-method after">
                <span class="method-name">teardown</span>
                <span class="method-start">174 ms</span>
              </div> <!-- configuration-method after -->
              <div class="configuration-method before">
                <img src="failed.png">
                </img>
                <span class="method-name">setUp</span>
                <span class="method-start">174 ms</span>
              </div> <!-- configuration-method before -->
              <div class="test-method">
                <span class="method-name">testToSelectAllCheckboxes</span>
                <span class="method-start">176 ms</span>
              </div> <!-- test-method -->
              <div class="configuration-method after">
                <span class="method-name">teardown</span>
                <span class="method-start">176 ms</span>
              </div> <!-- configuration-method after -->
            </div> <!-- chronological-class -->
            <div class="chronological-class">
              <div class="chronological-class-name">auto.testcases.TestInfiniteScroll</div> <!-- chronological-class-name -->
              <div class="configuration-method before">
                <img src="failed.png">
                </img>
                <span class="method-name">setUp</span>
                <span class="method-start">177 ms</span>
              </div> <!-- configuration-method before -->
              <div class="test-method">
                <span class="method-name">testFrame</span>
                <span class="method-start">178 ms</span>
              </div> <!-- test-method -->
              <div class="configuration-method after">
                <span class="method-name">teardown</span>
                <span class="method-start">178 ms</span>
              </div> <!-- configuration-method after -->
            </div> <!-- chronological-class -->
            <div class="chronological-class">
              <div class="chronological-class-name">auto.testcases.TestDisappearingElementsPage</div> <!-- chronological-class-name -->
              <div class="configuration-method before">
                <img src="failed.png">
                </img>
                <span class="method-name">setUp</span>
                <span class="method-start">179 ms</span>
              </div> <!-- configuration-method before -->
              <div class="test-method">
                <span class="method-name">testChallengingPage</span>
                <span class="method-start">181 ms</span>
              </div> <!-- test-method -->
              <div class="configuration-method after">
                <span class="method-name">teardown</span>
                <span class="method-start">181 ms</span>
              </div> <!-- configuration-method after -->
            </div> <!-- chronological-class -->
            <div class="chronological-class">
              <div class="chronological-class-name">auto.testcases.TestDynamicLoadings</div> <!-- chronological-class-name -->
              <div class="configuration-method before">
                <img src="failed.png">
                </img>
                <span class="method-name">setUp</span>
                <span class="method-start">184 ms</span>
              </div> <!-- configuration-method before -->
              <div class="test-method">
                <span class="method-name">testDynamicLoadingsHidden</span>
                <span class="method-start">186 ms</span>
              </div> <!-- test-method -->
              <div class="configuration-method after">
                <span class="method-name">teardown</span>
                <span class="method-start">186 ms</span>
              </div> <!-- configuration-method after -->
              <div class="configuration-method before">
                <img src="failed.png">
                </img>
                <span class="method-name">setUp</span>
                <span class="method-start">187 ms</span>
              </div> <!-- configuration-method before -->
              <div class="test-method">
                <span class="method-name">testDynamicLoadingsRender</span>
                <span class="method-start">187 ms</span>
              </div> <!-- test-method -->
              <div class="configuration-method after">
                <span class="method-name">teardown</span>
                <span class="method-start">189 ms</span>
              </div> <!-- configuration-method after -->
            </div> <!-- chronological-class -->
            <div class="chronological-class">
              <div class="chronological-class-name">auto.testcases.TestWelcomePage</div> <!-- chronological-class-name -->
              <div class="configuration-method before">
                <img src="failed.png">
                </img>
                <span class="method-name">setUp</span>
                <span class="method-start">190 ms</span>
              </div> <!-- configuration-method before -->
              <div class="test-method">
                <span class="method-name">testWelcomePage</span>
                <span class="method-start">191 ms</span>
              </div> <!-- test-method -->
              <div class="configuration-method after">
                <span class="method-name">teardown</span>
                <span class="method-start">192 ms</span>
              </div> <!-- configuration-method after -->
            </div> <!-- chronological-class -->
            <div class="chronological-class">
              <div class="chronological-class-name">auto.testcases.TestLargeDeepDOM</div> <!-- chronological-class-name -->
              <div class="configuration-method before">
                <img src="failed.png">
                </img>
                <span class="method-name">setUp</span>
                <span class="method-start">194 ms</span>
              </div> <!-- configuration-method before -->
              <div class="test-method">
                <span class="method-name">testLargeDeepDOM</span>
                <span class="method-start">195 ms</span>
              </div> <!-- test-method -->
              <div class="configuration-method after">
                <span class="method-name">teardown</span>
                <span class="method-start">195 ms</span>
              </div> <!-- configuration-method after -->
            </div> <!-- chronological-class -->
            <div class="chronological-class">
              <div class="chronological-class-name">auto.testcases.TestFileUploader</div> <!-- chronological-class-name -->
              <div class="configuration-method before">
                <img src="failed.png">
                </img>
                <span class="method-name">setUp</span>
                <span class="method-start">195 ms</span>
              </div> <!-- configuration-method before -->
              <div class="test-method">
                <span class="method-name">testFrame</span>
                <span class="method-start">196 ms</span>
              </div> <!-- test-method -->
              <div class="configuration-method after">
                <span class="method-name">teardown</span>
                <span class="method-start">196 ms</span>
              </div> <!-- configuration-method after -->
            </div> <!-- chronological-class -->
            <div class="chronological-class">
              <div class="chronological-class-name">auto.testcases.TestMultipleWindows</div> <!-- chronological-class-name -->
              <div class="configuration-method before">
                <img src="failed.png">
                </img>
                <span class="method-name">setUp</span>
                <span class="method-start">196 ms</span>
              </div> <!-- configuration-method before -->
              <div class="test-method">
                <span class="method-name">testFrame</span>
                <span class="method-start">197 ms</span>
              </div> <!-- test-method -->
              <div class="configuration-method after">
                <span class="method-name">teardown</span>
                <span class="method-start">198 ms</span>
              </div> <!-- configuration-method after -->
            </div> <!-- chronological-class -->
            <div class="chronological-class">
              <div class="chronological-class-name">auto.testcases.TestContextMenuPage</div> <!-- chronological-class-name -->
              <div class="configuration-method before">
                <img src="failed.png">
                </img>
                <span class="method-name">setUp</span>
                <span class="method-start">199 ms</span>
              </div> <!-- configuration-method before -->
              <div class="test-method">
                <span class="method-name">testChallengingPage</span>
                <span class="method-start">200 ms</span>
              </div> <!-- test-method -->
              <div class="configuration-method after">
                <span class="method-name">teardown</span>
                <span class="method-start">200 ms</span>
              </div> <!-- configuration-method after -->
            </div> <!-- chronological-class -->
            <div class="chronological-class">
              <div class="chronological-class-name">auto.testcases.TestDragAndDrop</div> <!-- chronological-class-name -->
              <div class="configuration-method before">
                <img src="failed.png">
                </img>
                <span class="method-name">setUp</span>
                <span class="method-start">201 ms</span>
              </div> <!-- configuration-method before -->
              <div class="test-method">
                <span class="method-name">testDragAndDrop</span>
                <span class="method-start">202 ms</span>
              </div> <!-- test-method -->
              <div class="configuration-method after">
                <span class="method-name">teardown</span>
                <span class="method-start">202 ms</span>
              </div> <!-- configuration-method after -->
            </div> <!-- chronological-class -->
            <div class="chronological-class">
              <div class="chronological-class-name">auto.testcases.TestDynamicControls</div> <!-- chronological-class-name -->
              <div class="configuration-method before">
                <img src="failed.png">
                </img>
                <span class="method-name">setUp</span>
                <span class="method-start">205 ms</span>
              </div> <!-- configuration-method before -->
              <div class="test-method">
                <span class="method-name">testDynamicControlsAdd</span>
                <span class="method-start">206 ms</span>
              </div> <!-- test-method -->
              <div class="configuration-method after">
                <span class="method-name">teardown</span>
                <span class="method-start">206 ms</span>
              </div> <!-- configuration-method after -->
              <div class="configuration-method before">
                <img src="failed.png">
                </img>
                <span class="method-name">setUp</span>
                <span class="method-start">208 ms</span>
              </div> <!-- configuration-method before -->
              <div class="test-method">
                <span class="method-name">testDynamicControlsRemove</span>
                <span class="method-start">209 ms</span>
              </div> <!-- test-method -->
              <div class="configuration-method after">
                <span class="method-name">teardown</span>
                <span class="method-start">209 ms</span>
              </div> <!-- configuration-method after -->
            </div> <!-- chronological-class -->
            <div class="chronological-class">
              <div class="chronological-class-name">auto.testcases.TestFrame</div> <!-- chronological-class-name -->
              <div class="configuration-method before">
                <img src="failed.png">
                </img>
                <span class="method-name">setUp</span>
                <span class="method-start">210 ms</span>
              </div> <!-- configuration-method before -->
              <div class="test-method">
                <span class="method-name">testFrame</span>
                <span class="method-start">210 ms</span>
              </div> <!-- test-method -->
              <div class="configuration-method after">
                <span class="method-name">teardown</span>
                <span class="method-start">211 ms</span>
              </div> <!-- configuration-method after -->
              <div class="configuration-method before">
                <img src="failed.png">
                </img>
                <span class="method-name">setUp</span>
                <span class="method-start">211 ms</span>
              </div> <!-- configuration-method before -->
              <div class="test-method">
                <span class="method-name">testIFrame</span>
                <span class="method-start">211 ms</span>
              </div> <!-- test-method -->
              <div class="configuration-method after">
                <span class="method-name">teardown</span>
                <span class="method-start">212 ms</span>
              </div> <!-- configuration-method after -->
            </div> <!-- chronological-class -->
            <div class="chronological-class">
              <div class="chronological-class-name">auto.testcases.TestHorizontalSlider</div> <!-- chronological-class-name -->
              <div class="configuration-method before">
                <img src="failed.png">
                </img>
                <span class="method-name">setUp</span>
                <span class="method-start">212 ms</span>
              </div> <!-- configuration-method before -->
              <div class="test-method">
                <span class="method-name">testFrame</span>
                <span class="method-start">212 ms</span>
              </div> <!-- test-method -->
              <div class="configuration-method after">
                <span class="method-name">teardown</span>
                <span class="method-start">212 ms</span>
              </div> <!-- configuration-method after -->
            </div> <!-- chronological-class -->
            <div class="chronological-class">
              <div class="chronological-class-name">auto.testcases.TestFileDownloader</div> <!-- chronological-class-name -->
              <div class="configuration-method before">
                <img src="failed.png">
                </img>
                <span class="method-name">setUp</span>
                <span class="method-start">213 ms</span>
              </div> <!-- configuration-method before -->
              <div class="test-method">
                <span class="method-name">testFrame</span>
                <span class="method-start">215 ms</span>
              </div> <!-- test-method -->
              <div class="configuration-method after">
                <span class="method-name">teardown</span>
                <span class="method-start">215 ms</span>
              </div> <!-- configuration-method after -->
          </div> <!-- main-panel-content rounded-window-bottom -->
        </div> <!-- panel -->
      </div> <!-- main-panel-root -->
    </div> <!-- wrapper -->
  </body>
</html>
